{"/home/travis/build/npmtest/node-npmtest-socket.io/test.js":{"path":"/home/travis/build/npmtest/node-npmtest-socket.io/test.js","s":{"1":2,"2":2,"3":2,"4":2,"5":2,"6":2,"7":2,"8":1,"9":2,"10":2,"11":1,"12":1,"13":1,"14":1,"15":2,"16":2,"17":2,"18":2,"19":1,"20":1,"21":2,"22":2,"23":2,"24":1,"25":1,"26":1,"27":1,"28":1,"29":1,"30":1,"31":1,"32":1,"33":1,"34":1,"35":1,"36":1,"37":1,"38":1,"39":2,"40":2,"41":1,"42":2,"43":2,"44":1,"45":2,"46":2,"47":1,"48":2,"49":2,"50":1,"51":1,"52":1,"53":1,"54":1},"b":{"1":[2,1,1,1],"2":[1,1,1,1],"3":[1,1],"4":[1,1],"5":[1,1],"6":[1,1],"7":[1,1],"8":[1,1],"9":[1,1],"10":[1,1,1],"11":[1,1],"12":[1,1],"13":[1,1],"14":[1,1],"15":[1,1],"16":[1,1],"17":[1,1]},"f":{"1":2,"2":2,"3":2,"4":2,"5":2,"6":1,"7":1,"8":1,"9":2,"10":2,"11":2,"12":2,"13":1},"fnMap":{"1":{"name":"(anonymous_1)","line":12,"loc":{"start":{"line":12,"column":1},"end":{"line":12,"column":13}}},"2":{"name":"(anonymous_2)","line":19,"loc":{"start":{"line":19,"column":5},"end":{"line":19,"column":17}}},"3":{"name":"(anonymous_3)","line":23,"loc":{"start":{"line":23,"column":24},"end":{"line":23,"column":36}}},"4":{"name":"(anonymous_4)","line":61,"loc":{"start":{"line":61,"column":5},"end":{"line":61,"column":17}}},"5":{"name":"(anonymous_5)","line":82,"loc":{"start":{"line":82,"column":5},"end":{"line":82,"column":17}}},"6":{"name":"(anonymous_6)","line":91,"loc":{"start":{"line":91,"column":77},"end":{"line":94,"column":10}}},"7":{"name":"(anonymous_7)","line":112,"loc":{"start":{"line":112,"column":83},"end":{"line":115,"column":10}},"skip":true},"8":{"name":"(anonymous_8)","line":123,"loc":{"start":{"line":123,"column":77},"end":{"line":126,"column":10}},"skip":true},"9":{"name":"(anonymous_9)","line":139,"loc":{"start":{"line":139,"column":12},"end":{"line":139,"column":40}},"skip":true},"10":{"name":"(anonymous_10)","line":147,"loc":{"start":{"line":147,"column":77},"end":{"line":150,"column":10}},"skip":true},"11":{"name":"(anonymous_11)","line":158,"loc":{"start":{"line":158,"column":83},"end":{"line":161,"column":10}},"skip":true},"12":{"name":"(anonymous_12)","line":169,"loc":{"start":{"line":169,"column":79},"end":{"line":172,"column":10}},"skip":true},"13":{"name":"(anonymous_13)","line":180,"loc":{"start":{"line":180,"column":75},"end":{"line":183,"column":10}},"skip":true}},"statementMap":{"1":{"start":{"line":12,"column":0},"end":{"line":195,"column":5}},"2":{"start":{"line":14,"column":4},"end":{"line":14,"column":14}},"3":{"start":{"line":19,"column":4},"end":{"line":56,"column":9}},"4":{"start":{"line":21,"column":8},"end":{"line":21,"column":19}},"5":{"start":{"line":23,"column":8},"end":{"line":35,"column":13}},"6":{"start":{"line":24,"column":12},"end":{"line":34,"column":13}},"7":{"start":{"line":25,"column":16},"end":{"line":28,"column":30}},"8":{"start":{"line":30,"column":16},"end":{"line":33,"column":27}},"9":{"start":{"line":37,"column":8},"end":{"line":39,"column":21}},"10":{"start":{"line":40,"column":8},"end":{"line":53,"column":9}},"11":{"start":{"line":43,"column":12},"end":{"line":46,"column":14}},"12":{"start":{"line":47,"column":12},"end":{"line":47,"column":18}},"13":{"start":{"line":50,"column":12},"end":{"line":51,"column":46}},"14":{"start":{"line":52,"column":12},"end":{"line":52,"column":18}},"15":{"start":{"line":55,"column":8},"end":{"line":55,"column":35}},"16":{"start":{"line":61,"column":4},"end":{"line":63,"column":9}},"17":{"start":{"line":62,"column":8},"end":{"line":62,"column":15}},"18":{"start":{"line":64,"column":4},"end":{"line":77,"column":5}},"19":{"start":{"line":70,"column":8},"end":{"line":70,"column":14}},"20":{"start":{"line":76,"column":8},"end":{"line":76,"column":14}},"21":{"start":{"line":82,"column":4},"end":{"line":84,"column":9}},"22":{"start":{"line":83,"column":8},"end":{"line":83,"column":15}},"23":{"start":{"line":85,"column":4},"end":{"line":194,"column":5}},"24":{"start":{"line":91,"column":8},"end":{"line":99,"column":10}},"25":{"start":{"line":98,"column":12},"end":{"line":98,"column":35}},"26":{"start":{"line":102,"column":8},"end":{"line":104,"column":63}},"27":{"start":{"line":105,"column":8},"end":{"line":105,"column":14}},"28":{"start":{"line":112,"column":8},"end":{"line":121,"column":10},"skip":true},"29":{"start":{"line":119,"column":12},"end":{"line":119,"column":55},"skip":true},"30":{"start":{"line":120,"column":12},"end":{"line":120,"column":48},"skip":true},"31":{"start":{"line":123,"column":8},"end":{"line":136,"column":10},"skip":true},"32":{"start":{"line":130,"column":12},"end":{"line":130,"column":76},"skip":true},"33":{"start":{"line":131,"column":12},"end":{"line":131,"column":73},"skip":true},"34":{"start":{"line":132,"column":12},"end":{"line":132,"column":74},"skip":true},"35":{"start":{"line":133,"column":12},"end":{"line":133,"column":79},"skip":true},"36":{"start":{"line":134,"column":12},"end":{"line":134,"column":25},"skip":true},"37":{"start":{"line":135,"column":12},"end":{"line":135,"column":45},"skip":true},"38":{"start":{"line":138,"column":8},"end":{"line":145,"column":14},"skip":true},"39":{"start":{"line":143,"column":16},"end":{"line":143,"column":29},"skip":true},"40":{"start":{"line":144,"column":16},"end":{"line":144,"column":55},"skip":true},"41":{"start":{"line":147,"column":8},"end":{"line":156,"column":10},"skip":true},"42":{"start":{"line":154,"column":12},"end":{"line":154,"column":25},"skip":true},"43":{"start":{"line":155,"column":12},"end":{"line":155,"column":45},"skip":true},"44":{"start":{"line":158,"column":8},"end":{"line":167,"column":10},"skip":true},"45":{"start":{"line":165,"column":12},"end":{"line":165,"column":25},"skip":true},"46":{"start":{"line":166,"column":12},"end":{"line":166,"column":48},"skip":true},"47":{"start":{"line":169,"column":8},"end":{"line":178,"column":10},"skip":true},"48":{"start":{"line":176,"column":12},"end":{"line":176,"column":25},"skip":true},"49":{"start":{"line":177,"column":12},"end":{"line":177,"column":46},"skip":true},"50":{"start":{"line":180,"column":8},"end":{"line":189,"column":10},"skip":true},"51":{"start":{"line":187,"column":12},"end":{"line":187,"column":94},"skip":true},"52":{"start":{"line":188,"column":12},"end":{"line":188,"column":48},"skip":true},"53":{"start":{"line":192,"column":8},"end":{"line":192,"column":35},"skip":true},"54":{"start":{"line":193,"column":8},"end":{"line":193,"column":14},"skip":true}},"branchMap":{"1":{"line":25,"type":"binary-expr","locations":[{"start":{"line":25,"column":23},"end":{"line":25,"column":62}},{"start":{"line":26,"column":20},"end":{"line":26,"column":70}},{"start":{"line":27,"column":20},"end":{"line":27,"column":71}},{"start":{"line":28,"column":20},"end":{"line":28,"column":29}}]},"2":{"line":30,"type":"binary-expr","locations":[{"start":{"line":30,"column":23},"end":{"line":30,"column":37}},{"start":{"line":31,"column":20},"end":{"line":31,"column":61}},{"start":{"line":32,"column":20},"end":{"line":32,"column":70}},{"start":{"line":33,"column":20},"end":{"line":33,"column":26}}]},"3":{"line":37,"type":"cond-expr","locations":[{"start":{"line":38,"column":14},"end":{"line":38,"column":20}},{"start":{"line":39,"column":14},"end":{"line":39,"column":20}}]},"4":{"line":40,"type":"switch","locations":[{"start":{"line":42,"column":8},"end":{"line":47,"column":18}},{"start":{"line":49,"column":8},"end":{"line":52,"column":18}}]},"5":{"line":44,"type":"binary-expr","locations":[{"start":{"line":44,"column":16},"end":{"line":44,"column":44}},{"start":{"line":44,"column":48},"end":{"line":44,"column":66}}]},"6":{"line":50,"type":"binary-expr","locations":[{"start":{"line":50,"column":21},"end":{"line":50,"column":49}},{"start":{"line":50,"column":53},"end":{"line":50,"column":72}}]},"7":{"line":64,"type":"switch","locations":[{"start":{"line":69,"column":4},"end":{"line":70,"column":14}},{"start":{"line":75,"column":4},"end":{"line":76,"column":14}}]},"8":{"line":85,"type":"switch","locations":[{"start":{"line":90,"column":4},"end":{"line":105,"column":14}},{"start":{"line":111,"column":4},"end":{"line":193,"column":14},"skip":true}]},"9":{"line":91,"type":"binary-expr","locations":[{"start":{"line":91,"column":42},"end":{"line":91,"column":73}},{"start":{"line":91,"column":77},"end":{"line":99,"column":9}}]},"10":{"line":102,"type":"binary-expr","locations":[{"start":{"line":102,"column":18},"end":{"line":102,"column":32}},{"start":{"line":103,"column":12},"end":{"line":103,"column":53}},{"start":{"line":104,"column":12},"end":{"line":104,"column":61}}]},"11":{"line":112,"type":"binary-expr","locations":[{"start":{"line":112,"column":45},"end":{"line":112,"column":79},"skip":true},{"start":{"line":112,"column":83},"end":{"line":121,"column":9},"skip":true}]},"12":{"line":123,"type":"binary-expr","locations":[{"start":{"line":123,"column":42},"end":{"line":123,"column":73},"skip":true},{"start":{"line":123,"column":77},"end":{"line":136,"column":9},"skip":true}]},"13":{"line":138,"type":"binary-expr","locations":[{"start":{"line":138,"column":48},"end":{"line":138,"column":85},"skip":true},{"start":{"line":139,"column":12},"end":{"line":145,"column":13},"skip":true}]},"14":{"line":147,"type":"binary-expr","locations":[{"start":{"line":147,"column":42},"end":{"line":147,"column":73},"skip":true},{"start":{"line":147,"column":77},"end":{"line":156,"column":9},"skip":true}]},"15":{"line":158,"type":"binary-expr","locations":[{"start":{"line":158,"column":45},"end":{"line":158,"column":79},"skip":true},{"start":{"line":158,"column":83},"end":{"line":167,"column":9},"skip":true}]},"16":{"line":169,"type":"binary-expr","locations":[{"start":{"line":169,"column":43},"end":{"line":169,"column":75},"skip":true},{"start":{"line":169,"column":79},"end":{"line":178,"column":9},"skip":true}]},"17":{"line":180,"type":"binary-expr","locations":[{"start":{"line":180,"column":41},"end":{"line":180,"column":71},"skip":true},{"start":{"line":180,"column":75},"end":{"line":189,"column":9},"skip":true}]}},"code":["/* istanbul instrument in package npmtest_socket_io */","/*jslint","    bitwise: true,","    browser: true,","    maxerr: 8,","    maxlen: 96,","    node: true,","    nomen: true,","    regexp: true,","    stupid: true","*/","(function () {","    'use strict';","    var local;","","","","    // run shared js-env code - pre-init","    (function () {","        // init local","        local = {};","        // init modeJs","        local.modeJs = (function () {","            try {","                return typeof navigator.userAgent === 'string' &&","                    typeof document.querySelector('body') === 'object' &&","                    typeof XMLHttpRequest.prototype.open === 'function' &&","                    'browser';","            } catch (errorCaughtBrowser) {","                return module.exports &&","                    typeof process.versions.node === 'string' &&","                    typeof require('http').createServer === 'function' &&","                    'node';","            }","        }());","        // init global","        local.global = local.modeJs === 'browser'","            ? window","            : global;","        switch (local.modeJs) {","        // re-init local from window.local","        case 'browser':","            local = local.global.utility2.objectSetDefault(","                local.global.utility2_rollup || local.global.local,","                local.global.utility2","            );","            break;","        // re-init local from example.js","        case 'node':","            local = (local.global.utility2_rollup || require('utility2'))","                .requireExampleJsFromReadme();","            break;","        }","        // export local","        local.global.local = local;","    }());","","","","    // run shared js-env code - function","    (function () {","        return;","    }());","    switch (local.modeJs) {","","","","    // run browser js-env code - function","    case 'browser':","        break;","","","","    // run node js-env code - function","    case 'node':","        break;","    }","","","","    // run shared js-env code - post-init","    (function () {","        return;","    }());","    switch (local.modeJs) {","","","","    // run browser js-env code - post-init","    case 'browser':","        local.testCase_browser_nullCase = local.testCase_browser_nullCase || function (","            options,","            onError","        ) {","        /*","         * this function will test browsers's null-case handling-behavior-behavior","         */","            onError(null, options);","        };","","        // run tests","        local.nop(local.modeTest &&","            document.querySelector('#testRunButton1') &&","            document.querySelector('#testRunButton1').click());","        break;","","","","    // run node js-env code - post-init","    /* istanbul ignore next */","    case 'node':","        local.testCase_buildApidoc_default = local.testCase_buildApidoc_default || function (","            options,","            onError","        ) {","        /*","         * this function will test buildApidoc's default handling-behavior-behavior","         */","            options = { modulePathList: module.paths };","            local.buildApidoc(options, onError);","        };","","        local.testCase_buildApp_default = local.testCase_buildApp_default || function (","            options,","            onError","        ) {","        /*","         * this function will test buildApp's default handling-behavior-behavior","         */","            local.testCase_buildReadme_default(options, local.onErrorThrow);","            local.testCase_buildLib_default(options, local.onErrorThrow);","            local.testCase_buildTest_default(options, local.onErrorThrow);","            local.testCase_buildCustomOrg_default(options, local.onErrorThrow);","            options = [];","            local.buildApp(options, onError);","        };","","        local.testCase_buildCustomOrg_default = local.testCase_buildCustomOrg_default ||","            function (options, onError) {","            /*","             * this function will test buildCustomOrg's default handling-behavior","             */","                options = {};","                local.buildCustomOrg(options, onError);","            };","","        local.testCase_buildLib_default = local.testCase_buildLib_default || function (","            options,","            onError","        ) {","        /*","         * this function will test buildLib's default handling-behavior","         */","            options = {};","            local.buildLib(options, onError);","        };","","        local.testCase_buildReadme_default = local.testCase_buildReadme_default || function (","            options,","            onError","        ) {","        /*","         * this function will test buildReadme's default handling-behavior-behavior","         */","            options = {};","            local.buildReadme(options, onError);","        };","","        local.testCase_buildTest_default = local.testCase_buildTest_default || function (","            options,","            onError","        ) {","        /*","         * this function will test buildTest's default handling-behavior","         */","            options = {};","            local.buildTest(options, onError);","        };","","        local.testCase_webpage_default = local.testCase_webpage_default || function (","            options,","            onError","        ) {","        /*","         * this function will test webpage's default handling-behavior","         */","            options = { modeCoverageMerge: true, url: local.serverLocalHost + '?modeTest=1' };","            local.browserTest(options, onError);","        };","","        // run test-server","        local.testRunServer(local);","        break;","    }","}());",""],"l":{"12":2,"14":2,"19":2,"21":2,"23":2,"24":2,"25":2,"30":1,"37":2,"40":2,"43":1,"47":1,"50":1,"52":1,"55":2,"61":2,"62":2,"64":2,"70":1,"76":1,"82":2,"83":2,"85":2,"91":1,"98":1,"102":1,"105":1,"112":1,"119":1,"120":1,"123":1,"130":1,"131":1,"132":1,"133":1,"134":1,"135":1,"138":1,"143":2,"144":2,"147":1,"154":2,"155":2,"158":1,"165":2,"166":2,"169":1,"176":2,"177":2,"180":1,"187":1,"188":1,"192":1,"193":1}},"/home/travis/build/npmtest/node-npmtest-socket.io/lib.npmtest_socket.io.js":{"path":"/home/travis/build/npmtest/node-npmtest-socket.io/lib.npmtest_socket.io.js","s":{"1":2,"2":2,"3":2,"4":2,"5":2,"6":2,"7":2,"8":1,"9":2,"10":2,"11":2,"12":2,"13":1,"14":1,"15":1,"16":1},"b":{"1":[2,1,1,1],"2":[1,1,1,1],"3":[1,1],"4":[2,2],"5":[1,1]},"f":{"1":2,"2":2,"3":2},"fnMap":{"1":{"name":"(anonymous_1)","line":12,"loc":{"start":{"line":12,"column":1},"end":{"line":12,"column":13}}},"2":{"name":"(anonymous_2)","line":19,"loc":{"start":{"line":19,"column":5},"end":{"line":19,"column":17}}},"3":{"name":"(anonymous_3)","line":23,"loc":{"start":{"line":23,"column":24},"end":{"line":23,"column":36}}}},"statementMap":{"1":{"start":{"line":12,"column":0},"end":{"line":53,"column":5}},"2":{"start":{"line":14,"column":4},"end":{"line":14,"column":14}},"3":{"start":{"line":19,"column":4},"end":{"line":52,"column":9}},"4":{"start":{"line":21,"column":8},"end":{"line":21,"column":19}},"5":{"start":{"line":23,"column":8},"end":{"line":35,"column":13}},"6":{"start":{"line":24,"column":12},"end":{"line":34,"column":13}},"7":{"start":{"line":25,"column":16},"end":{"line":28,"column":30}},"8":{"start":{"line":30,"column":16},"end":{"line":33,"column":27}},"9":{"start":{"line":37,"column":8},"end":{"line":39,"column":21}},"10":{"start":{"line":41,"column":8},"end":{"line":41,"column":54}},"11":{"start":{"line":43,"column":8},"end":{"line":43,"column":54}},"12":{"start":{"line":45,"column":8},"end":{"line":51,"column":9}},"13":{"start":{"line":46,"column":12},"end":{"line":46,"column":60}},"14":{"start":{"line":48,"column":12},"end":{"line":48,"column":35}},"15":{"start":{"line":49,"column":12},"end":{"line":49,"column":49}},"16":{"start":{"line":50,"column":12},"end":{"line":50,"column":43}}},"branchMap":{"1":{"line":25,"type":"binary-expr","locations":[{"start":{"line":25,"column":23},"end":{"line":25,"column":62}},{"start":{"line":26,"column":20},"end":{"line":26,"column":70}},{"start":{"line":27,"column":20},"end":{"line":27,"column":71}},{"start":{"line":28,"column":20},"end":{"line":28,"column":29}}]},"2":{"line":30,"type":"binary-expr","locations":[{"start":{"line":30,"column":23},"end":{"line":30,"column":37}},{"start":{"line":31,"column":20},"end":{"line":31,"column":61}},{"start":{"line":32,"column":20},"end":{"line":32,"column":70}},{"start":{"line":33,"column":20},"end":{"line":33,"column":26}}]},"3":{"line":37,"type":"cond-expr","locations":[{"start":{"line":38,"column":14},"end":{"line":38,"column":20}},{"start":{"line":39,"column":14},"end":{"line":39,"column":20}}]},"4":{"line":41,"type":"binary-expr","locations":[{"start":{"line":41,"column":16},"end":{"line":41,"column":44}},{"start":{"line":41,"column":48},"end":{"line":41,"column":53}}]},"5":{"line":45,"type":"if","locations":[{"start":{"line":45,"column":8},"end":{"line":45,"column":8}},{"start":{"line":45,"column":8},"end":{"line":45,"column":8}}]}},"code":["/* istanbul instrument in package npmtest_socket_io */","/*jslint","    bitwise: true,","    browser: true,","    maxerr: 8,","    maxlen: 96,","    node: true,","    nomen: true,","    regexp: true,","    stupid: true","*/","(function () {","    'use strict';","    var local;","","","","    // run shared js-env code - pre-init","    (function () {","        // init local","        local = {};","        // init modeJs","        local.modeJs = (function () {","            try {","                return typeof navigator.userAgent === 'string' &&","                    typeof document.querySelector('body') === 'object' &&","                    typeof XMLHttpRequest.prototype.open === 'function' &&","                    'browser';","            } catch (errorCaughtBrowser) {","                return module.exports &&","                    typeof process.versions.node === 'string' &&","                    typeof require('http').createServer === 'function' &&","                    'node';","            }","        }());","        // init global","        local.global = local.modeJs === 'browser'","            ? window","            : global;","        // init utility2_rollup","        local = local.global.utility2_rollup || local;","        // init lib","        local.local = local.npmtest_socket_io = local;","        // init exports","        if (local.modeJs === 'browser') {","            local.global.utility2_npmtest_socket_io = local;","        } else {","            module.exports = local;","            module.exports.__dirname = __dirname;","            module.exports.module = module;","        }","    }());","}());",""],"l":{"12":2,"14":2,"19":2,"21":2,"23":2,"24":2,"25":2,"30":1,"37":2,"41":2,"43":2,"45":2,"46":1,"48":1,"49":1,"50":1}},"/home/travis/build/npmtest/node-npmtest-socket.io/example.js":{"path":"/home/travis/build/npmtest/node-npmtest-socket.io/example.js","s":{"1":2,"2":2,"3":2,"4":2,"5":2,"6":2,"7":2,"8":1,"9":2,"10":2,"11":2,"12":2,"13":1,"14":2,"15":2,"16":2,"17":2,"18":2,"19":0,"20":2,"21":1,"22":1,"23":1,"24":1,"25":1,"26":0,"27":0,"28":1,"29":1,"30":2,"31":0,"32":0,"33":0,"34":1,"35":2,"36":2,"37":3,"38":3,"39":3,"40":3,"41":0,"42":3,"43":3,"44":3,"45":1,"46":3,"47":1,"48":1,"49":1,"50":1,"51":1,"52":1,"53":1,"54":1,"55":1,"56":1,"57":0,"58":1,"59":6,"60":6,"61":1,"62":2,"63":0,"64":2,"65":1,"66":1,"67":0,"68":0,"69":0,"70":0,"71":0,"72":0,"73":0,"74":0,"75":0,"76":0,"77":0,"78":0,"79":0,"80":0,"81":0,"82":0,"83":0},"b":{"1":[2,1,1,1],"2":[1,1,1,1],"3":[1,1],"4":[2,2],"5":[1,1],"6":[1,1],"7":[2,0],"8":[2,1,1,1,1,1],"9":[0,2,0],"10":[1,1],"11":[2,1,1],"12":[1,0],"13":[0,2],"14":[2,0,0,0,0,0,0],"15":[0,3],"16":[3,0],"17":[1,1],"18":[0,1],"19":[1,2,0,2],"20":[1,0],"21":[1,1],"22":[0,0],"23":[0,0],"24":[0,0],"25":[0,0],"26":[0,0],"27":[0,0],"28":[0,0]},"f":{"1":2,"2":2,"3":2,"4":2,"5":2,"6":2,"7":3,"8":3,"9":3,"10":1,"11":6,"12":0},"fnMap":{"1":{"name":"(anonymous_1)","line":26,"loc":{"start":{"line":26,"column":1},"end":{"line":26,"column":13}}},"2":{"name":"(anonymous_2)","line":33,"loc":{"start":{"line":33,"column":5},"end":{"line":33,"column":17}}},"3":{"name":"(anonymous_3)","line":37,"loc":{"start":{"line":37,"column":24},"end":{"line":37,"column":36}}},"4":{"name":"(anonymous_4)","line":69,"loc":{"start":{"line":69,"column":31},"end":{"line":69,"column":48}},"skip":true},"5":{"name":"(anonymous_5)","line":78,"loc":{"start":{"line":78,"column":26},"end":{"line":78,"column":45}},"skip":true},"6":{"name":"(anonymous_6)","line":123,"loc":{"start":{"line":123,"column":33},"end":{"line":123,"column":48}},"skip":true},"7":{"name":"(anonymous_7)","line":125,"loc":{"start":{"line":125,"column":27},"end":{"line":125,"column":39}},"skip":true},"8":{"name":"(anonymous_8)","line":133,"loc":{"start":{"line":133,"column":59},"end":{"line":133,"column":74}},"skip":true},"9":{"name":"(anonymous_9)","line":143,"loc":{"start":{"line":143,"column":45},"end":{"line":143,"column":62}},"skip":true},"10":{"name":"(anonymous_10)","line":144,"loc":{"start":{"line":144,"column":73},"end":{"line":144,"column":92}},"skip":true},"11":{"name":"(anonymous_11)","line":272,"loc":{"start":{"line":272,"column":51},"end":{"line":272,"column":77}},"skip":true},"12":{"name":"(anonymous_12)","line":315,"loc":{"start":{"line":315,"column":32},"end":{"line":315,"column":61}},"skip":true}},"statementMap":{"1":{"start":{"line":26,"column":0},"end":{"line":326,"column":5}},"2":{"start":{"line":28,"column":4},"end":{"line":28,"column":14}},"3":{"start":{"line":33,"column":4},"end":{"line":60,"column":9}},"4":{"start":{"line":35,"column":8},"end":{"line":35,"column":19}},"5":{"start":{"line":37,"column":8},"end":{"line":49,"column":13}},"6":{"start":{"line":38,"column":12},"end":{"line":48,"column":13}},"7":{"start":{"line":39,"column":16},"end":{"line":42,"column":30}},"8":{"start":{"line":44,"column":16},"end":{"line":47,"column":27}},"9":{"start":{"line":51,"column":8},"end":{"line":53,"column":21}},"10":{"start":{"line":55,"column":8},"end":{"line":57,"column":45}},"11":{"start":{"line":59,"column":8},"end":{"line":59,"column":35}},"12":{"start":{"line":61,"column":4},"end":{"line":325,"column":5}},"13":{"start":{"line":69,"column":8},"end":{"line":121,"column":10},"skip":true},"14":{"start":{"line":70,"column":12},"end":{"line":88,"column":13},"skip":true},"15":{"start":{"line":76,"column":16},"end":{"line":87,"column":19},"skip":true},"16":{"start":{"line":79,"column":20},"end":{"line":86,"column":21},"skip":true},"17":{"start":{"line":82,"column":24},"end":{"line":82,"column":43},"skip":true},"18":{"start":{"line":83,"column":24},"end":{"line":83,"column":30},"skip":true},"19":{"start":{"line":85,"column":24},"end":{"line":85,"column":49},"skip":true},"20":{"start":{"line":89,"column":12},"end":{"line":107,"column":13},"skip":true},"21":{"start":{"line":92,"column":16},"end":{"line":102,"column":17},"skip":true},"22":{"start":{"line":93,"column":20},"end":{"line":93,"column":86},"skip":true},"23":{"start":{"line":94,"column":20},"end":{"line":95,"column":45},"skip":true},"24":{"start":{"line":96,"column":20},"end":{"line":96,"column":42},"skip":true},"25":{"start":{"line":97,"column":20},"end":{"line":97,"column":48},"skip":true},"26":{"start":{"line":100,"column":20},"end":{"line":100,"column":85},"skip":true},"27":{"start":{"line":101,"column":20},"end":{"line":101,"column":96},"skip":true},"28":{"start":{"line":103,"column":16},"end":{"line":103,"column":22},"skip":true},"29":{"start":{"line":106,"column":16},"end":{"line":106,"column":22},"skip":true},"30":{"start":{"line":108,"column":12},"end":{"line":120,"column":13},"skip":true},"31":{"start":{"line":114,"column":16},"end":{"line":119,"column":17},"skip":true},"32":{"start":{"line":116,"column":20},"end":{"line":116,"column":78},"skip":true},"33":{"start":{"line":118,"column":20},"end":{"line":118,"column":47},"skip":true},"34":{"start":{"line":123,"column":8},"end":{"line":141,"column":11},"skip":true},"35":{"start":{"line":124,"column":12},"end":{"line":124,"column":54},"skip":true},"36":{"start":{"line":125,"column":12},"end":{"line":140,"column":14},"skip":true},"37":{"start":{"line":126,"column":16},"end":{"line":126,"column":28},"skip":true},"38":{"start":{"line":127,"column":16},"end":{"line":127,"column":69},"skip":true},"39":{"start":{"line":128,"column":16},"end":{"line":128,"column":75},"skip":true},"40":{"start":{"line":129,"column":16},"end":{"line":131,"column":17},"skip":true},"41":{"start":{"line":130,"column":20},"end":{"line":130,"column":27},"skip":true},"42":{"start":{"line":133,"column":16},"end":{"line":137,"column":36},"skip":true},"43":{"start":{"line":134,"column":20},"end":{"line":136,"column":55},"skip":true},"44":{"start":{"line":139,"column":16},"end":{"line":139,"column":57},"skip":true},"45":{"start":{"line":143,"column":8},"end":{"line":147,"column":11},"skip":true},"46":{"start":{"line":144,"column":12},"end":{"line":146,"column":15},"skip":true},"47":{"start":{"line":145,"column":16},"end":{"line":145,"column":70},"skip":true},"48":{"start":{"line":149,"column":8},"end":{"line":149,"column":31},"skip":true},"49":{"start":{"line":150,"column":8},"end":{"line":150,"column":14},"skip":true},"50":{"start":{"line":158,"column":8},"end":{"line":158,"column":31},"skip":true},"51":{"start":{"line":160,"column":8},"end":{"line":160,"column":33},"skip":true},"52":{"start":{"line":161,"column":8},"end":{"line":161,"column":37},"skip":true},"53":{"start":{"line":162,"column":8},"end":{"line":162,"column":35},"skip":true},"54":{"start":{"line":164,"column":8},"end":{"line":164,"column":50},"skip":true},"55":{"start":{"line":166,"column":8},"end":{"line":256,"column":2},"skip":true},"56":{"start":{"line":258,"column":8},"end":{"line":286,"column":9},"skip":true},"57":{"start":{"line":259,"column":12},"end":{"line":269,"column":14},"skip":true},"58":{"start":{"line":271,"column":12},"end":{"line":285,"column":19},"skip":true},"59":{"start":{"line":274,"column":20},"end":{"line":274,"column":35},"skip":true},"60":{"start":{"line":275,"column":20},"end":{"line":284,"column":21},"skip":true},"61":{"start":{"line":277,"column":24},"end":{"line":277,"column":64},"skip":true},"62":{"start":{"line":279,"column":24},"end":{"line":279,"column":40},"skip":true},"63":{"start":{"line":281,"column":24},"end":{"line":281,"column":40},"skip":true},"64":{"start":{"line":283,"column":24},"end":{"line":283,"column":39},"skip":true},"65":{"start":{"line":288,"column":8},"end":{"line":290,"column":9},"skip":true},"66":{"start":{"line":289,"column":12},"end":{"line":289,"column":18},"skip":true},"67":{"start":{"line":291,"column":8},"end":{"line":293,"column":54},"skip":true},"68":{"start":{"line":296,"column":8},"end":{"line":301,"column":37},"skip":true},"69":{"start":{"line":303,"column":8},"end":{"line":303,"column":82},"skip":true},"70":{"start":{"line":306,"column":8},"end":{"line":308,"column":9},"skip":true},"71":{"start":{"line":307,"column":12},"end":{"line":307,"column":82},"skip":true},"72":{"start":{"line":310,"column":8},"end":{"line":312,"column":9},"skip":true},"73":{"start":{"line":311,"column":12},"end":{"line":311,"column":18},"skip":true},"74":{"start":{"line":313,"column":8},"end":{"line":313,"column":54},"skip":true},"75":{"start":{"line":314,"column":8},"end":{"line":314,"column":69},"skip":true},"76":{"start":{"line":315,"column":8},"end":{"line":323,"column":36},"skip":true},"77":{"start":{"line":316,"column":12},"end":{"line":316,"column":61},"skip":true},"78":{"start":{"line":317,"column":12},"end":{"line":320,"column":13},"skip":true},"79":{"start":{"line":318,"column":16},"end":{"line":318,"column":75},"skip":true},"80":{"start":{"line":319,"column":16},"end":{"line":319,"column":23},"skip":true},"81":{"start":{"line":321,"column":12},"end":{"line":321,"column":38},"skip":true},"82":{"start":{"line":322,"column":12},"end":{"line":322,"column":27},"skip":true},"83":{"start":{"line":324,"column":8},"end":{"line":324,"column":14},"skip":true}},"branchMap":{"1":{"line":39,"type":"binary-expr","locations":[{"start":{"line":39,"column":23},"end":{"line":39,"column":62}},{"start":{"line":40,"column":20},"end":{"line":40,"column":70}},{"start":{"line":41,"column":20},"end":{"line":41,"column":71}},{"start":{"line":42,"column":20},"end":{"line":42,"column":29}}]},"2":{"line":44,"type":"binary-expr","locations":[{"start":{"line":44,"column":23},"end":{"line":44,"column":37}},{"start":{"line":45,"column":20},"end":{"line":45,"column":61}},{"start":{"line":46,"column":20},"end":{"line":46,"column":70}},{"start":{"line":47,"column":20},"end":{"line":47,"column":26}}]},"3":{"line":51,"type":"cond-expr","locations":[{"start":{"line":52,"column":14},"end":{"line":52,"column":20}},{"start":{"line":53,"column":14},"end":{"line":53,"column":20}}]},"4":{"line":55,"type":"binary-expr","locations":[{"start":{"line":55,"column":16},"end":{"line":55,"column":44}},{"start":{"line":55,"column":49},"end":{"line":57,"column":43}}]},"5":{"line":55,"type":"cond-expr","locations":[{"start":{"line":56,"column":14},"end":{"line":56,"column":53}},{"start":{"line":57,"column":14},"end":{"line":57,"column":43}}]},"6":{"line":61,"type":"switch","locations":[{"start":{"line":68,"column":4},"end":{"line":150,"column":14},"skip":true},{"start":{"line":156,"column":4},"end":{"line":324,"column":14},"skip":true}]},"7":{"line":70,"type":"if","locations":[{"start":{"line":70,"column":12},"end":{"line":70,"column":12},"skip":true},{"start":{"line":70,"column":12},"end":{"line":70,"column":12},"skip":true}]},"8":{"line":70,"type":"binary-expr","locations":[{"start":{"line":70,"column":16},"end":{"line":70,"column":22},"skip":true},{"start":{"line":70,"column":27},"end":{"line":70,"column":32},"skip":true},{"start":{"line":71,"column":20},"end":{"line":71,"column":39},"skip":true},{"start":{"line":72,"column":20},"end":{"line":72,"column":49},"skip":true},{"start":{"line":73,"column":20},"end":{"line":73,"column":58},"skip":true},{"start":{"line":74,"column":20},"end":{"line":74,"column":69},"skip":true}]},"9":{"line":79,"type":"switch","locations":[{"start":{"line":80,"column":20},"end":{"line":80,"column":33},"skip":true},{"start":{"line":81,"column":20},"end":{"line":83,"column":30},"skip":true},{"start":{"line":84,"column":20},"end":{"line":85,"column":49},"skip":true}]},"10":{"line":89,"type":"switch","locations":[{"start":{"line":90,"column":12},"end":{"line":103,"column":22},"skip":true},{"start":{"line":105,"column":12},"end":{"line":106,"column":22},"skip":true}]},"11":{"line":89,"type":"binary-expr","locations":[{"start":{"line":89,"column":20},"end":{"line":89,"column":25},"skip":true},{"start":{"line":89,"column":29},"end":{"line":89,"column":48},"skip":true},{"start":{"line":89,"column":52},"end":{"line":89,"column":74},"skip":true}]},"12":{"line":92,"type":"if","locations":[{"start":{"line":92,"column":16},"end":{"line":92,"column":16},"skip":true},{"start":{"line":92,"column":16},"end":{"line":92,"column":16},"skip":true}]},"13":{"line":108,"type":"if","locations":[{"start":{"line":108,"column":12},"end":{"line":108,"column":12},"skip":true},{"start":{"line":108,"column":12},"end":{"line":108,"column":12},"skip":true}]},"14":{"line":108,"type":"binary-expr","locations":[{"start":{"line":108,"column":16},"end":{"line":108,"column":61},"skip":true},{"start":{"line":108,"column":66},"end":{"line":108,"column":72},"skip":true},{"start":{"line":108,"column":77},"end":{"line":108,"column":82},"skip":true},{"start":{"line":109,"column":20},"end":{"line":109,"column":39},"skip":true},{"start":{"line":110,"column":20},"end":{"line":110,"column":49},"skip":true},{"start":{"line":111,"column":20},"end":{"line":111,"column":58},"skip":true},{"start":{"line":112,"column":20},"end":{"line":112,"column":68},"skip":true}]},"15":{"line":129,"type":"if","locations":[{"start":{"line":129,"column":16},"end":{"line":129,"column":16},"skip":true},{"start":{"line":129,"column":16},"end":{"line":129,"column":16},"skip":true}]},"16":{"line":134,"type":"cond-expr","locations":[{"start":{"line":135,"column":26},"end":{"line":135,"column":29},"skip":true},{"start":{"line":136,"column":26},"end":{"line":136,"column":54},"skip":true}]},"17":{"line":164,"type":"binary-expr","locations":[{"start":{"line":164,"column":27},"end":{"line":164,"column":43},"skip":true},{"start":{"line":164,"column":47},"end":{"line":164,"column":49},"skip":true}]},"18":{"line":258,"type":"if","locations":[{"start":{"line":258,"column":8},"end":{"line":258,"column":8},"skip":true},{"start":{"line":258,"column":8},"end":{"line":258,"column":8},"skip":true}]},"19":{"line":275,"type":"switch","locations":[{"start":{"line":276,"column":20},"end":{"line":277,"column":64},"skip":true},{"start":{"line":278,"column":20},"end":{"line":279,"column":40},"skip":true},{"start":{"line":280,"column":20},"end":{"line":281,"column":40},"skip":true},{"start":{"line":282,"column":20},"end":{"line":283,"column":39},"skip":true}]},"20":{"line":288,"type":"if","locations":[{"start":{"line":288,"column":8},"end":{"line":288,"column":8},"skip":true},{"start":{"line":288,"column":8},"end":{"line":288,"column":8},"skip":true}]},"21":{"line":288,"type":"binary-expr","locations":[{"start":{"line":288,"column":12},"end":{"line":288,"column":40},"skip":true},{"start":{"line":288,"column":44},"end":{"line":288,"column":67},"skip":true}]},"22":{"line":292,"type":"binary-expr","locations":[{"start":{"line":292,"column":12},"end":{"line":292,"column":50},"skip":true},{"start":{"line":293,"column":12},"end":{"line":293,"column":53},"skip":true}]},"23":{"line":297,"type":"binary-expr","locations":[{"start":{"line":297,"column":12},"end":{"line":297,"column":67},"skip":true},{"start":{"line":298,"column":12},"end":{"line":301,"column":36},"skip":true}]},"24":{"line":303,"type":"binary-expr","locations":[{"start":{"line":303,"column":43},"end":{"line":303,"column":75},"skip":true},{"start":{"line":303,"column":79},"end":{"line":303,"column":81},"skip":true}]},"25":{"line":306,"type":"if","locations":[{"start":{"line":306,"column":8},"end":{"line":306,"column":8},"skip":true},{"start":{"line":306,"column":8},"end":{"line":306,"column":8},"skip":true}]},"26":{"line":310,"type":"if","locations":[{"start":{"line":310,"column":8},"end":{"line":310,"column":8},"skip":true},{"start":{"line":310,"column":8},"end":{"line":310,"column":8},"skip":true}]},"27":{"line":313,"type":"binary-expr","locations":[{"start":{"line":313,"column":27},"end":{"line":313,"column":43},"skip":true},{"start":{"line":313,"column":47},"end":{"line":313,"column":53},"skip":true}]},"28":{"line":317,"type":"if","locations":[{"start":{"line":317,"column":12},"end":{"line":317,"column":12},"skip":true},{"start":{"line":317,"column":12},"end":{"line":317,"column":12},"skip":true}]}},"code":["/*","example.js","","quickstart example","","instruction","    1. save this script as example.js","    2. run the shell command:","        $ npm install npmtest-socket.io && PORT=8081 node example.js","    3. play with the browser-demo on http://127.0.0.1:8081","*/","","","","/* istanbul instrument in package npmtest_socket_io */","/*jslint","    bitwise: true,","    browser: true,","    maxerr: 8,","    maxlen: 96,","    node: true,","    nomen: true,","    regexp: true,","    stupid: true","*/","(function () {","    'use strict';","    var local;","","","","    // run shared js-env code - pre-init","    (function () {","        // init local","        local = {};","        // init modeJs","        local.modeJs = (function () {","            try {","                return typeof navigator.userAgent === 'string' &&","                    typeof document.querySelector('body') === 'object' &&","                    typeof XMLHttpRequest.prototype.open === 'function' &&","                    'browser';","            } catch (errorCaughtBrowser) {","                return module.exports &&","                    typeof process.versions.node === 'string' &&","                    typeof require('http').createServer === 'function' &&","                    'node';","            }","        }());","        // init global","        local.global = local.modeJs === 'browser'","            ? window","            : global;","        // init utility2_rollup","        local = local.global.utility2_rollup || (local.modeJs === 'browser'","            ? local.global.utility2_npmtest_socket_io","            : global.utility2_moduleExports);","        // export local","        local.global.local = local;","    }());","    switch (local.modeJs) {","","","","    // post-init","    // run browser js-env code - post-init","    /* istanbul ignore next */","    case 'browser':","        local.testRunBrowser = function (event) {","            if (!event || (event &&","                    event.currentTarget &&","                    event.currentTarget.className &&","                    event.currentTarget.className.includes &&","                    event.currentTarget.className.includes('onreset'))) {","                // reset output","                Array.from(","                    document.querySelectorAll('body > .resettable')","                ).forEach(function (element) {","                    switch (element.tagName) {","                    case 'INPUT':","                    case 'TEXTAREA':","                        element.value = '';","                        break;","                    default:","                        element.textContent = '';","                    }","                });","            }","            switch (event && event.currentTarget && event.currentTarget.id) {","            case 'testRunButton1':","                // show tests","                if (document.querySelector('#testReportDiv1').style.display === 'none') {","                    document.querySelector('#testReportDiv1').style.display = 'block';","                    document.querySelector('#testRunButton1').textContent =","                        'hide internal test';","                    local.modeTest = true;","                    local.testRunDefault(local);","                // hide tests","                } else {","                    document.querySelector('#testReportDiv1').style.display = 'none';","                    document.querySelector('#testRunButton1').textContent = 'run internal test';","                }","                break;","            // custom-case","            default:","                break;","            }","            if (document.querySelector('#inputTextareaEval1') && (!event || (event &&","                    event.currentTarget &&","                    event.currentTarget.className &&","                    event.currentTarget.className.includes &&","                    event.currentTarget.className.includes('oneval')))) {","                // try to eval input-code","                try {","                    /*jslint evil: true*/","                    eval(document.querySelector('#inputTextareaEval1').value);","                } catch (errorCaught) {","                    console.error(errorCaught);","                }","            }","        };","        // log stderr and stdout to #outputTextareaStdout1","        ['error', 'log'].forEach(function (key) {","            console[key + '_original'] = console[key];","            console[key] = function () {","                var element;","                console[key + '_original'].apply(console, arguments);","                element = document.querySelector('#outputTextareaStdout1');","                if (!element) {","                    return;","                }","                // append text to #outputTextareaStdout1","                element.value += Array.from(arguments).map(function (arg) {","                    return typeof arg === 'string'","                        ? arg","                        : JSON.stringify(arg, null, 4);","                }).join(' ') + '\\n';","                // scroll textarea to bottom","                element.scrollTop = element.scrollHeight;","            };","        });","        // init event-handling","        ['change', 'click', 'keyup'].forEach(function (event) {","            Array.from(document.querySelectorAll('.on' + event)).forEach(function (element) {","                element.addEventListener(event, local.testRunBrowser);","            });","        });","        // run tests","        local.testRunBrowser();","        break;","","","","    // run node js-env code - post-init","    /* istanbul ignore next */","    case 'node':","        // export local","        module.exports = local;","        // require modules","        local.fs = require('fs');","        local.http = require('http');","        local.url = require('url');","        // init assets","        local.assetsDict = local.assetsDict || {};","        /* jslint-ignore-begin */","        local.assetsDict['/assets.index.template.html'] = '\\","<!doctype html>\\n\\","<html lang=\"en\">\\n\\","<head>\\n\\","<meta charset=\"UTF-8\">\\n\\","<meta name=\"viewport\" content=\"width=device-width, initial-scale=1\">\\n\\","<title>{{env.npm_package_name}} (v{{env.npm_package_version}})</title>\\n\\","<style>\\n\\","/*csslint\\n\\","    box-sizing: false,\\n\\","    universal-selector: false\\n\\","*/\\n\\","* {\\n\\","    box-sizing: border-box;\\n\\","}\\n\\","body {\\n\\","    background: #dde;\\n\\","    font-family: Arial, Helvetica, sans-serif;\\n\\","    margin: 2rem;\\n\\","}\\n\\","body > * {\\n\\","    margin-bottom: 1rem;\\n\\","}\\n\\",".utility2FooterDiv {\\n\\","    margin-top: 20px;\\n\\","    text-align: center;\\n\\","}\\n\\","</style>\\n\\","<style>\\n\\","/*csslint\\n\\","*/\\n\\","textarea {\\n\\","    font-family: monospace;\\n\\","    height: 10rem;\\n\\","    width: 100%;\\n\\","}\\n\\","textarea[readonly] {\\n\\","    background: #ddd;\\n\\","}\\n\\","</style>\\n\\","</head>\\n\\","<body>\\n\\","<!-- utility2-comment\\n\\","<div id=\"ajaxProgressDiv1\" style=\"background: #d00; height: 2px; left: 0; margin: 0; padding: 0; position: fixed; top: 0; transition: background 0.5s, width 1.5s; width: 25%;\"></div>\\n\\","utility2-comment -->\\n\\","<h1>\\n\\","<!-- utility2-comment\\n\\","    <a\\n\\","        {{#if env.npm_package_homepage}}\\n\\","        href=\"{{env.npm_package_homepage}}\"\\n\\","        {{/if env.npm_package_homepage}}\\n\\","        target=\"_blank\"\\n\\","    >\\n\\","utility2-comment -->\\n\\","        {{env.npm_package_name}} (v{{env.npm_package_version}})\\n\\","<!-- utility2-comment\\n\\","    </a>\\n\\","utility2-comment -->\\n\\","</h1>\\n\\","<h3>{{env.npm_package_description}}</h3>\\n\\","<!-- utility2-comment\\n\\","<h4><a download href=\"assets.app.js\">download standalone app</a></h4>\\n\\","<button class=\"onclick onreset\" id=\"testRunButton1\">run internal test</button><br>\\n\\","<div id=\"testReportDiv1\" style=\"display: none;\"></div>\\n\\","utility2-comment -->\\n\\","\\n\\","\\n\\","\\n\\","<label>stderr and stdout</label>\\n\\","<textarea class=\"resettable\" id=\"outputTextareaStdout1\" readonly></textarea>\\n\\","<!-- utility2-comment\\n\\","{{#if isRollup}}\\n\\","<script src=\"assets.app.js\"></script>\\n\\","{{#unless isRollup}}\\n\\","utility2-comment -->\\n\\","<script src=\"assets.utility2.rollup.js\"></script>\\n\\","<script src=\"jsonp.utility2._stateInit?callback=window.utility2._stateInit\"></script>\\n\\","<script src=\"assets.npmtest_socket_io.rollup.js\"></script>\\n\\","<script src=\"assets.example.js\"></script>\\n\\","<script src=\"assets.test.js\"></script>\\n\\","<!-- utility2-comment\\n\\","{{/if isRollup}}\\n\\","utility2-comment -->\\n\\","<div class=\"utility2FooterDiv\">\\n\\","    [ this app was created with\\n\\","    <a href=\"https://github.com/kaizhu256/node-utility2\" target=\"_blank\">utility2</a>\\n\\","    ]\\n\\","</div>\\n\\","</body>\\n\\","</html>\\n\\","';","        /* jslint-ignore-end */","        if (local.templateRender) {","            local.assetsDict['/'] = local.templateRender(","                local.assetsDict['/assets.index.template.html'],","                {","                    env: local.objectSetDefault(local.env, {","                        npm_package_description: 'the greatest app in the world!',","                        npm_package_name: 'my-app',","                        npm_package_nameAlias: 'my_app',","                        npm_package_version: '0.0.1'","                    })","                }","            );","        } else {","            local.assetsDict['/'] = local.assetsDict['/assets.index.template.html']","                .replace((/\\{\\{env\\.(\\w+?)\\}\\}/g), function (match0, match1) {","                    // jslint-hack","                    String(match0);","                    switch (match1) {","                    case 'npm_package_description':","                        return 'the greatest app in the world!';","                    case 'npm_package_name':","                        return 'my-app';","                    case 'npm_package_nameAlias':","                        return 'my_app';","                    case 'npm_package_version':","                        return '0.0.1';","                    }","                });","        }","        // run the cli","        if (local.global.utility2_rollup || module !== require.main) {","            break;","        }","        local.assetsDict['/assets.example.js'] =","            local.assetsDict['/assets.example.js'] ||","            local.fs.readFileSync(__filename, 'utf8');","        // bug-workaround - long $npm_package_buildCustomOrg","        /* jslint-ignore-begin */","        local.assetsDict['/assets.npmtest_socket_io.rollup.js'] =","            local.assetsDict['/assets.npmtest_socket_io.rollup.js'] ||","            local.fs.readFileSync(","                local.npmtest_socket_io.__dirname + '/lib.npmtest_socket_io.js',","                'utf8'","            ).replace((/^#!/), '//');","        /* jslint-ignore-end */","        local.assetsDict['/favicon.ico'] = local.assetsDict['/favicon.ico'] || '';","        // if $npm_config_timeout_exit exists,","        // then exit this process after $npm_config_timeout_exit ms","        if (Number(process.env.npm_config_timeout_exit)) {","            setTimeout(process.exit, Number(process.env.npm_config_timeout_exit));","        }","        // start server","        if (local.global.utility2_serverHttp1) {","            break;","        }","        process.env.PORT = process.env.PORT || '8081';","        console.error('server starting on port ' + process.env.PORT);","        local.http.createServer(function (request, response) {","            request.urlParsed = local.url.parse(request.url);","            if (local.assetsDict[request.urlParsed.pathname] !== undefined) {","                response.end(local.assetsDict[request.urlParsed.pathname]);","                return;","            }","            response.statusCode = 404;","            response.end();","        }).listen(process.env.PORT);","        break;","    }","}());",""],"l":{"26":2,"28":2,"33":2,"35":2,"37":2,"38":2,"39":2,"44":1,"51":2,"55":2,"59":2,"61":2,"69":1,"70":2,"76":2,"79":2,"82":2,"83":2,"85":1,"89":2,"92":1,"93":1,"94":1,"96":1,"97":1,"100":1,"101":1,"103":1,"106":1,"108":2,"114":1,"116":1,"118":1,"123":1,"124":2,"125":2,"126":3,"127":3,"128":3,"129":3,"130":1,"133":3,"134":3,"139":3,"143":1,"144":3,"145":1,"149":1,"150":1,"158":1,"160":1,"161":1,"162":1,"164":1,"166":1,"258":1,"259":1,"271":1,"274":6,"275":6,"277":1,"279":2,"281":1,"283":2,"288":1,"289":1,"291":1,"296":1,"303":1,"306":1,"307":1,"310":1,"311":1,"313":1,"314":1,"315":1,"316":1,"317":1,"318":1,"319":1,"321":1,"322":1,"324":1}},"/home/travis/build/npmtest/node-npmtest-socket.io/node_modules/socket.io/lib/index.js":{"path":"/home/travis/build/npmtest/node-npmtest-socket.io/node_modules/socket.io/lib/index.js","s":{"1":1,"2":1,"3":1,"4":1,"5":1,"6":1,"7":1,"8":1,"9":1,"10":1,"11":1,"12":1,"13":1,"14":1,"15":1,"16":0,"17":0,"18":0,"19":0,"20":0,"21":0,"22":0,"23":0,"24":0,"25":0,"26":0,"27":0,"28":0,"29":0,"30":1,"31":0,"32":0,"33":0,"34":0,"35":0,"36":0,"37":0,"38":0,"39":0,"40":0,"41":0,"42":0,"43":0,"44":0,"45":0,"46":1,"47":0,"48":0,"49":0,"50":0,"51":0,"52":0,"53":0,"54":0,"55":0,"56":1,"57":1,"58":0,"59":0,"60":0,"61":0,"62":0,"63":0,"64":0,"65":0,"66":0,"67":0,"68":0,"69":0,"70":0,"71":0,"72":0,"73":0,"74":1,"75":0,"76":0,"77":0,"78":0,"79":1,"80":0,"81":0,"82":0,"83":0,"84":0,"85":0,"86":0,"87":1,"88":0,"89":0,"90":0,"91":0,"92":1,"93":0,"94":0,"95":0,"96":0,"97":0,"98":0,"99":0,"100":0,"101":0,"102":0,"103":0,"104":0,"105":0,"106":0,"107":0,"108":0,"109":0,"110":0,"111":0,"112":0,"113":0,"114":0,"115":1,"116":0,"117":0,"118":0,"119":0,"120":0,"121":0,"122":0,"123":0,"124":0,"125":0,"126":0,"127":0,"128":0,"129":1,"130":0,"131":0,"132":0,"133":0,"134":0,"135":0,"136":0,"137":0,"138":0,"139":0,"140":0,"141":0,"142":0,"143":0,"144":1,"145":0,"146":0,"147":0,"148":0,"149":0,"150":0,"151":0,"152":0,"153":0,"154":0,"155":0,"156":0,"157":0,"158":1,"159":0,"160":0,"161":0,"162":1,"163":0,"164":0,"165":0,"166":0,"167":1,"168":0,"169":0,"170":0,"171":0,"172":0,"173":0,"174":0,"175":0,"176":0,"177":0,"178":1,"179":0,"180":0,"181":0,"182":0,"183":0,"184":0,"185":0,"186":1,"187":16,"188":1,"189":20,"190":0,"191":1,"192":3,"193":0,"194":0,"195":0,"196":1},"b":{"1":[0,0],"2":[0,0],"3":[0,0],"4":[0,0],"5":[0,0],"6":[0,0],"7":[0,0],"8":[0,0],"9":[0,0],"10":[0,0],"11":[0,0],"12":[0,0],"13":[0,0],"14":[0,0],"15":[0,0],"16":[0,0],"17":[0,0],"18":[0,0,0],"19":[0,0],"20":[0,0],"21":[0,0],"22":[0,0],"23":[0,0],"24":[0,0],"25":[0,0],"26":[0,0],"27":[0,0],"28":[0,0],"29":[0,0],"30":[0,0],"31":[0,0],"32":[0,0],"33":[0,0],"34":[0,0],"35":[0,0],"36":[0,0],"37":[0,0],"38":[0,0],"39":[0,0],"40":[0,0],"41":[0,0],"42":[0,0],"43":[0,0],"44":[0,0],"45":[0,0],"46":[0,0],"47":[0,0],"48":[0,0],"49":[0,0],"50":[0,0],"51":[0,0],"52":[0,0],"53":[0,0],"54":[0,0]},"f":{"1":0,"2":0,"3":0,"4":0,"5":0,"6":0,"7":0,"8":0,"9":0,"10":0,"11":0,"12":0,"13":0,"14":0,"15":0,"16":0,"17":0,"18":0,"19":0,"20":16,"21":20,"22":0,"23":3,"24":0},"fnMap":{"1":{"name":"Server","line":39,"loc":{"start":{"line":39,"column":0},"end":{"line":39,"column":26}}},"2":{"name":"(anonymous_2)","line":62,"loc":{"start":{"line":62,"column":32},"end":{"line":62,"column":50}}},"3":{"name":"(anonymous_3)","line":96,"loc":{"start":{"line":96,"column":31},"end":{"line":96,"column":42}}},"4":{"name":"(anonymous_4)","line":129,"loc":{"start":{"line":129,"column":23},"end":{"line":129,"column":41}}},"5":{"name":"(anonymous_5)","line":131,"loc":{"start":{"line":131,"column":13},"end":{"line":131,"column":36}}},"6":{"name":"(anonymous_6)","line":132,"loc":{"start":{"line":132,"column":26},"end":{"line":132,"column":52}}},"7":{"name":"(anonymous_7)","line":159,"loc":{"start":{"line":159,"column":24},"end":{"line":159,"column":35}}},"8":{"name":"(anonymous_8)","line":173,"loc":{"start":{"line":173,"column":27},"end":{"line":173,"column":38}}},"9":{"name":"(anonymous_9)","line":192,"loc":{"start":{"line":192,"column":27},"end":{"line":192,"column":38}}},"10":{"name":"(anonymous_10)","line":209,"loc":{"start":{"line":209,"column":26},"end":{"line":209,"column":45}}},"11":{"name":"(anonymous_11)","line":224,"loc":{"start":{"line":224,"column":22},"end":{"line":224,"column":40}}},"12":{"name":"(anonymous_12)","line":261,"loc":{"start":{"line":261,"column":31},"end":{"line":261,"column":44}}},"13":{"name":"(anonymous_13)","line":268,"loc":{"start":{"line":268,"column":20},"end":{"line":268,"column":39}}},"14":{"name":"(anonymous_14)","line":289,"loc":{"start":{"line":289,"column":25},"end":{"line":289,"column":43}}},"15":{"name":"(anonymous_15)","line":320,"loc":{"start":{"line":320,"column":28},"end":{"line":320,"column":46}}},"16":{"name":"(anonymous_16)","line":350,"loc":{"start":{"line":350,"column":24},"end":{"line":350,"column":40}}},"17":{"name":"(anonymous_17)","line":364,"loc":{"start":{"line":364,"column":32},"end":{"line":364,"column":46}}},"18":{"name":"(anonymous_18)","line":379,"loc":{"start":{"line":379,"column":22},"end":{"line":379,"column":40}}},"19":{"name":"(anonymous_19)","line":399,"loc":{"start":{"line":399,"column":25},"end":{"line":399,"column":37}}},"20":{"name":"(anonymous_20)","line":419,"loc":{"start":{"line":419,"column":59},"end":{"line":419,"column":72}}},"21":{"name":"(anonymous_21)","line":423,"loc":{"start":{"line":423,"column":91},"end":{"line":423,"column":103}}},"22":{"name":"(anonymous_22)","line":424,"loc":{"start":{"line":424,"column":25},"end":{"line":424,"column":35}}},"23":{"name":"(anonymous_23)","line":429,"loc":{"start":{"line":429,"column":24},"end":{"line":429,"column":38}}},"24":{"name":"(anonymous_24)","line":431,"loc":{"start":{"line":431,"column":9},"end":{"line":431,"column":20}}}},"statementMap":{"1":{"start":{"line":6,"column":0},"end":{"line":6,"column":27}},"2":{"start":{"line":7,"column":0},"end":{"line":7,"column":38}},"3":{"start":{"line":8,"column":0},"end":{"line":8,"column":34}},"4":{"start":{"line":9,"column":0},"end":{"line":9,"column":41}},"5":{"start":{"line":10,"column":0},"end":{"line":10,"column":64}},"6":{"start":{"line":11,"column":0},"end":{"line":11,"column":33}},"7":{"start":{"line":12,"column":0},"end":{"line":12,"column":45}},"8":{"start":{"line":13,"column":0},"end":{"line":13,"column":39}},"9":{"start":{"line":14,"column":0},"end":{"line":14,"column":43}},"10":{"start":{"line":15,"column":0},"end":{"line":15,"column":49}},"11":{"start":{"line":16,"column":0},"end":{"line":16,"column":25}},"12":{"start":{"line":22,"column":0},"end":{"line":22,"column":24}},"13":{"start":{"line":28,"column":0},"end":{"line":28,"column":29}},"14":{"start":{"line":29,"column":0},"end":{"line":29,"column":32}},"15":{"start":{"line":39,"column":0},"end":{"line":53,"column":1}},"16":{"start":{"line":40,"column":2},"end":{"line":40,"column":62}},"17":{"start":{"line":40,"column":33},"end":{"line":40,"column":62}},"18":{"start":{"line":41,"column":2},"end":{"line":44,"column":3}},"19":{"start":{"line":42,"column":4},"end":{"line":42,"column":15}},"20":{"start":{"line":43,"column":4},"end":{"line":43,"column":15}},"21":{"start":{"line":45,"column":2},"end":{"line":45,"column":20}},"22":{"start":{"line":46,"column":2},"end":{"line":46,"column":17}},"23":{"start":{"line":47,"column":2},"end":{"line":47,"column":39}},"24":{"start":{"line":48,"column":2},"end":{"line":48,"column":47}},"25":{"start":{"line":49,"column":2},"end":{"line":49,"column":40}},"26":{"start":{"line":50,"column":2},"end":{"line":50,"column":38}},"27":{"start":{"line":51,"column":2},"end":{"line":51,"column":30}},"28":{"start":{"line":52,"column":2},"end":{"line":52,"column":34}},"29":{"start":{"line":52,"column":11},"end":{"line":52,"column":34}},"30":{"start":{"line":62,"column":0},"end":{"line":86,"column":2}},"31":{"start":{"line":63,"column":2},"end":{"line":63,"column":57}},"32":{"start":{"line":66,"column":2},"end":{"line":66,"column":55}},"33":{"start":{"line":66,"column":42},"end":{"line":66,"column":55}},"34":{"start":{"line":68,"column":2},"end":{"line":68,"column":88}},"35":{"start":{"line":68,"column":55},"end":{"line":68,"column":88}},"36":{"start":{"line":69,"column":2},"end":{"line":69,"column":65}},"37":{"start":{"line":69,"column":43},"end":{"line":69,"column":65}},"38":{"start":{"line":70,"column":2},"end":{"line":84,"column":3}},"39":{"start":{"line":71,"column":4},"end":{"line":83,"column":5}},"40":{"start":{"line":72,"column":6},"end":{"line":72,"column":36}},"41":{"start":{"line":73,"column":6},"end":{"line":73,"column":62}},"42":{"start":{"line":74,"column":6},"end":{"line":76,"column":22}},"43":{"start":{"line":77,"column":6},"end":{"line":80,"column":50}},"44":{"start":{"line":81,"column":6},"end":{"line":81,"column":28}},"45":{"start":{"line":85,"column":2},"end":{"line":85,"column":18}},"46":{"start":{"line":96,"column":0},"end":{"line":110,"column":2}},"47":{"start":{"line":97,"column":2},"end":{"line":97,"column":50}},"48":{"start":{"line":97,"column":25},"end":{"line":97,"column":50}},"49":{"start":{"line":98,"column":2},"end":{"line":98,"column":24}},"50":{"start":{"line":100,"column":2},"end":{"line":107,"column":3}},"51":{"start":{"line":101,"column":4},"end":{"line":101,"column":92}},"52":{"start":{"line":102,"column":4},"end":{"line":106,"column":5}},"53":{"start":{"line":103,"column":6},"end":{"line":103,"column":97}},"54":{"start":{"line":105,"column":6},"end":{"line":105,"column":45}},"55":{"start":{"line":109,"column":2},"end":{"line":109,"column":14}},"56":{"start":{"line":116,"column":0},"end":{"line":121,"column":2}},"57":{"start":{"line":129,"column":0},"end":{"line":149,"column":2}},"58":{"start":{"line":130,"column":2},"end":{"line":146,"column":3}},"59":{"start":{"line":131,"column":4},"end":{"line":137,"column":7}},"60":{"start":{"line":132,"column":6},"end":{"line":136,"column":9}},"61":{"start":{"line":133,"column":8},"end":{"line":133,"column":45}},"62":{"start":{"line":133,"column":17},"end":{"line":133,"column":45}},"63":{"start":{"line":134,"column":8},"end":{"line":134,"column":66}},"64":{"start":{"line":134,"column":25},"end":{"line":134,"column":66}},"65":{"start":{"line":135,"column":8},"end":{"line":135,"column":15}},"66":{"start":{"line":138,"column":9},"end":{"line":146,"column":3}},"67":{"start":{"line":139,"column":4},"end":{"line":139,"column":22}},"68":{"start":{"line":140,"column":9},"end":{"line":146,"column":3}},"69":{"start":{"line":141,"column":4},"end":{"line":141,"column":19}},"70":{"start":{"line":142,"column":9},"end":{"line":146,"column":3}},"71":{"start":{"line":143,"column":4},"end":{"line":143,"column":37}},"72":{"start":{"line":145,"column":4},"end":{"line":145,"column":78}},"73":{"start":{"line":148,"column":2},"end":{"line":148,"column":14}},"74":{"start":{"line":159,"column":0},"end":{"line":163,"column":2}},"75":{"start":{"line":160,"column":2},"end":{"line":160,"column":43}},"76":{"start":{"line":160,"column":25},"end":{"line":160,"column":43}},"77":{"start":{"line":161,"column":2},"end":{"line":161,"column":36}},"78":{"start":{"line":162,"column":2},"end":{"line":162,"column":14}},"79":{"start":{"line":173,"column":0},"end":{"line":182,"column":2}},"80":{"start":{"line":174,"column":2},"end":{"line":174,"column":46}},"81":{"start":{"line":174,"column":25},"end":{"line":174,"column":46}},"82":{"start":{"line":175,"column":2},"end":{"line":175,"column":20}},"83":{"start":{"line":176,"column":2},"end":{"line":180,"column":3}},"84":{"start":{"line":177,"column":4},"end":{"line":179,"column":5}},"85":{"start":{"line":178,"column":6},"end":{"line":178,"column":33}},"86":{"start":{"line":181,"column":2},"end":{"line":181,"column":14}},"87":{"start":{"line":192,"column":0},"end":{"line":197,"column":2}},"88":{"start":{"line":193,"column":2},"end":{"line":193,"column":46}},"89":{"start":{"line":193,"column":25},"end":{"line":193,"column":46}},"90":{"start":{"line":195,"column":2},"end":{"line":195,"column":20}},"91":{"start":{"line":196,"column":2},"end":{"line":196,"column":14}},"92":{"start":{"line":208,"column":0},"end":{"line":252,"column":2}},"93":{"start":{"line":210,"column":2},"end":{"line":214,"column":3}},"94":{"start":{"line":211,"column":4},"end":{"line":212,"column":68}},"95":{"start":{"line":213,"column":4},"end":{"line":213,"column":25}},"96":{"start":{"line":217,"column":2},"end":{"line":219,"column":3}},"97":{"start":{"line":218,"column":4},"end":{"line":218,"column":22}},"98":{"start":{"line":221,"column":2},"end":{"line":230,"column":3}},"99":{"start":{"line":222,"column":4},"end":{"line":222,"column":57}},"100":{"start":{"line":223,"column":4},"end":{"line":223,"column":19}},"101":{"start":{"line":224,"column":4},"end":{"line":227,"column":7}},"102":{"start":{"line":225,"column":6},"end":{"line":225,"column":25}},"103":{"start":{"line":226,"column":6},"end":{"line":226,"column":16}},"104":{"start":{"line":228,"column":4},"end":{"line":228,"column":21}},"105":{"start":{"line":233,"column":2},"end":{"line":233,"column":20}},"106":{"start":{"line":234,"column":2},"end":{"line":234,"column":39}},"107":{"start":{"line":236,"column":2},"end":{"line":236,"column":72}},"108":{"start":{"line":239,"column":2},"end":{"line":239,"column":58}},"109":{"start":{"line":240,"column":2},"end":{"line":240,"column":38}},"110":{"start":{"line":243,"column":2},"end":{"line":243,"column":47}},"111":{"start":{"line":243,"column":25},"end":{"line":243,"column":47}},"112":{"start":{"line":246,"column":2},"end":{"line":246,"column":24}},"113":{"start":{"line":249,"column":2},"end":{"line":249,"column":22}},"114":{"start":{"line":251,"column":2},"end":{"line":251,"column":14}},"115":{"start":{"line":261,"column":0},"end":{"line":279,"column":2}},"116":{"start":{"line":262,"column":2},"end":{"line":262,"column":48}},"117":{"start":{"line":263,"column":2},"end":{"line":263,"column":41}},"118":{"start":{"line":264,"column":2},"end":{"line":264,"column":48}},"119":{"start":{"line":265,"column":2},"end":{"line":265,"column":46}},"120":{"start":{"line":266,"column":2},"end":{"line":266,"column":18}},"121":{"start":{"line":267,"column":2},"end":{"line":267,"column":36}},"122":{"start":{"line":268,"column":2},"end":{"line":278,"column":5}},"123":{"start":{"line":269,"column":4},"end":{"line":277,"column":5}},"124":{"start":{"line":270,"column":6},"end":{"line":270,"column":30}},"125":{"start":{"line":271,"column":11},"end":{"line":277,"column":5}},"126":{"start":{"line":272,"column":6},"end":{"line":272,"column":27}},"127":{"start":{"line":274,"column":6},"end":{"line":276,"column":7}},"128":{"start":{"line":275,"column":8},"end":{"line":275,"column":35}},"129":{"start":{"line":289,"column":0},"end":{"line":310,"column":2}},"130":{"start":{"line":292,"column":2},"end":{"line":292,"column":47}},"131":{"start":{"line":294,"column":2},"end":{"line":294,"column":42}},"132":{"start":{"line":295,"column":2},"end":{"line":302,"column":3}},"133":{"start":{"line":296,"column":4},"end":{"line":301,"column":5}},"134":{"start":{"line":297,"column":6},"end":{"line":297,"column":32}},"135":{"start":{"line":298,"column":6},"end":{"line":298,"column":25}},"136":{"start":{"line":299,"column":6},"end":{"line":299,"column":16}},"137":{"start":{"line":300,"column":6},"end":{"line":300,"column":13}},"138":{"start":{"line":304,"column":2},"end":{"line":304,"column":31}},"139":{"start":{"line":305,"column":2},"end":{"line":305,"column":58}},"140":{"start":{"line":306,"column":2},"end":{"line":306,"column":38}},"141":{"start":{"line":307,"column":2},"end":{"line":307,"column":51}},"142":{"start":{"line":308,"column":2},"end":{"line":308,"column":21}},"143":{"start":{"line":309,"column":2},"end":{"line":309,"column":24}},"144":{"start":{"line":320,"column":0},"end":{"line":340,"column":2}},"145":{"start":{"line":323,"column":2},"end":{"line":323,"column":47}},"146":{"start":{"line":325,"column":2},"end":{"line":325,"column":42}},"147":{"start":{"line":326,"column":2},"end":{"line":333,"column":3}},"148":{"start":{"line":327,"column":4},"end":{"line":332,"column":5}},"149":{"start":{"line":328,"column":6},"end":{"line":328,"column":32}},"150":{"start":{"line":329,"column":6},"end":{"line":329,"column":25}},"151":{"start":{"line":330,"column":6},"end":{"line":330,"column":16}},"152":{"start":{"line":331,"column":6},"end":{"line":331,"column":13}},"153":{"start":{"line":335,"column":2},"end":{"line":335,"column":34}},"154":{"start":{"line":336,"column":2},"end":{"line":336,"column":52}},"155":{"start":{"line":337,"column":2},"end":{"line":337,"column":38}},"156":{"start":{"line":338,"column":2},"end":{"line":338,"column":21}},"157":{"start":{"line":339,"column":2},"end":{"line":339,"column":27}},"158":{"start":{"line":350,"column":0},"end":{"line":354,"column":2}},"159":{"start":{"line":351,"column":2},"end":{"line":351,"column":23}},"160":{"start":{"line":352,"column":2},"end":{"line":352,"column":61}},"161":{"start":{"line":353,"column":2},"end":{"line":353,"column":14}},"162":{"start":{"line":364,"column":0},"end":{"line":369,"column":2}},"163":{"start":{"line":365,"column":2},"end":{"line":365,"column":51}},"164":{"start":{"line":366,"column":2},"end":{"line":366,"column":38}},"165":{"start":{"line":367,"column":2},"end":{"line":367,"column":22}},"166":{"start":{"line":368,"column":2},"end":{"line":368,"column":14}},"167":{"start":{"line":379,"column":0},"end":{"line":390,"column":2}},"168":{"start":{"line":380,"column":2},"end":{"line":380,"column":49}},"169":{"start":{"line":380,"column":31},"end":{"line":380,"column":49}},"170":{"start":{"line":382,"column":2},"end":{"line":382,"column":28}},"171":{"start":{"line":383,"column":2},"end":{"line":387,"column":3}},"172":{"start":{"line":384,"column":4},"end":{"line":384,"column":45}},"173":{"start":{"line":385,"column":4},"end":{"line":385,"column":36}},"174":{"start":{"line":386,"column":4},"end":{"line":386,"column":26}},"175":{"start":{"line":388,"column":2},"end":{"line":388,"column":32}},"176":{"start":{"line":388,"column":10},"end":{"line":388,"column":32}},"177":{"start":{"line":389,"column":2},"end":{"line":389,"column":13}},"178":{"start":{"line":399,"column":0},"end":{"line":413,"column":2}},"179":{"start":{"line":400,"column":2},"end":{"line":404,"column":3}},"180":{"start":{"line":401,"column":4},"end":{"line":403,"column":5}},"181":{"start":{"line":402,"column":6},"end":{"line":402,"column":43}},"182":{"start":{"line":406,"column":2},"end":{"line":406,"column":22}},"183":{"start":{"line":408,"column":2},"end":{"line":412,"column":3}},"184":{"start":{"line":409,"column":4},"end":{"line":409,"column":30}},"185":{"start":{"line":411,"column":4},"end":{"line":411,"column":15}},"186":{"start":{"line":419,"column":0},"end":{"line":421,"column":3}},"187":{"start":{"line":420,"column":2},"end":{"line":420,"column":54}},"188":{"start":{"line":423,"column":0},"end":{"line":427,"column":3}},"189":{"start":{"line":424,"column":2},"end":{"line":426,"column":4}},"190":{"start":{"line":425,"column":4},"end":{"line":425,"column":59}},"191":{"start":{"line":429,"column":0},"end":{"line":437,"column":3}},"192":{"start":{"line":430,"column":2},"end":{"line":436,"column":5}},"193":{"start":{"line":432,"column":6},"end":{"line":432,"column":52}},"194":{"start":{"line":433,"column":6},"end":{"line":433,"column":38}},"195":{"start":{"line":434,"column":6},"end":{"line":434,"column":18}},"196":{"start":{"line":443,"column":0},"end":{"line":443,"column":23}}},"branchMap":{"1":{"line":40,"type":"if","locations":[{"start":{"line":40,"column":2},"end":{"line":40,"column":2}},{"start":{"line":40,"column":2},"end":{"line":40,"column":2}}]},"2":{"line":41,"type":"if","locations":[{"start":{"line":41,"column":2},"end":{"line":41,"column":2}},{"start":{"line":41,"column":2},"end":{"line":41,"column":2}}]},"3":{"line":41,"type":"binary-expr","locations":[{"start":{"line":41,"column":6},"end":{"line":41,"column":28}},{"start":{"line":41,"column":32},"end":{"line":41,"column":43}}]},"4":{"line":45,"type":"binary-expr","locations":[{"start":{"line":45,"column":9},"end":{"line":45,"column":13}},{"start":{"line":45,"column":17},"end":{"line":45,"column":19}}]},"5":{"line":47,"type":"binary-expr","locations":[{"start":{"line":47,"column":12},"end":{"line":47,"column":21}},{"start":{"line":47,"column":25},"end":{"line":47,"column":37}}]},"6":{"line":49,"type":"binary-expr","locations":[{"start":{"line":49,"column":15},"end":{"line":49,"column":27}},{"start":{"line":49,"column":31},"end":{"line":49,"column":38}}]},"7":{"line":50,"type":"binary-expr","locations":[{"start":{"line":50,"column":15},"end":{"line":50,"column":27}},{"start":{"line":50,"column":31},"end":{"line":50,"column":36}}]},"8":{"line":52,"type":"if","locations":[{"start":{"line":52,"column":2},"end":{"line":52,"column":2}},{"start":{"line":52,"column":2},"end":{"line":52,"column":2}}]},"9":{"line":63,"type":"binary-expr","locations":[{"start":{"line":63,"column":15},"end":{"line":63,"column":33}},{"start":{"line":63,"column":37},"end":{"line":63,"column":56}}]},"10":{"line":66,"type":"if","locations":[{"start":{"line":66,"column":2},"end":{"line":66,"column":2}},{"start":{"line":66,"column":2},"end":{"line":66,"column":2}}]},"11":{"line":66,"type":"binary-expr","locations":[{"start":{"line":66,"column":6},"end":{"line":66,"column":22}},{"start":{"line":66,"column":26},"end":{"line":66,"column":40}}]},"12":{"line":68,"type":"if","locations":[{"start":{"line":68,"column":2},"end":{"line":68,"column":2}},{"start":{"line":68,"column":2},"end":{"line":68,"column":2}}]},"13":{"line":68,"type":"binary-expr","locations":[{"start":{"line":68,"column":6},"end":{"line":68,"column":14}},{"start":{"line":68,"column":18},"end":{"line":68,"column":53}}]},"14":{"line":69,"type":"if","locations":[{"start":{"line":69,"column":2},"end":{"line":69,"column":2}},{"start":{"line":69,"column":2},"end":{"line":69,"column":2}}]},"15":{"line":70,"type":"if","locations":[{"start":{"line":70,"column":2},"end":{"line":70,"column":2}},{"start":{"line":70,"column":2},"end":{"line":70,"column":2}}]},"16":{"line":73,"type":"cond-expr","locations":[{"start":{"line":73,"column":53},"end":{"line":73,"column":56}},{"start":{"line":73,"column":59},"end":{"line":73,"column":61}}]},"17":{"line":74,"type":"cond-expr","locations":[{"start":{"line":75,"column":10},"end":{"line":75,"column":20}},{"start":{"line":76,"column":10},"end":{"line":76,"column":21}}]},"18":{"line":78,"type":"binary-expr","locations":[{"start":{"line":78,"column":8},"end":{"line":78,"column":65}},{"start":{"line":79,"column":8},"end":{"line":79,"column":53}},{"start":{"line":80,"column":8},"end":{"line":80,"column":49}}]},"19":{"line":97,"type":"if","locations":[{"start":{"line":97,"column":2},"end":{"line":97,"column":2}},{"start":{"line":97,"column":2},"end":{"line":97,"column":2}}]},"20":{"line":100,"type":"if","locations":[{"start":{"line":100,"column":2},"end":{"line":100,"column":2}},{"start":{"line":100,"column":2},"end":{"line":100,"column":2}}]},"21":{"line":100,"type":"binary-expr","locations":[{"start":{"line":100,"column":6},"end":{"line":100,"column":7}},{"start":{"line":100,"column":11},"end":{"line":100,"column":24}}]},"22":{"line":130,"type":"if","locations":[{"start":{"line":130,"column":2},"end":{"line":130,"column":2}},{"start":{"line":130,"column":2},"end":{"line":130,"column":2}}]},"23":{"line":130,"type":"binary-expr","locations":[{"start":{"line":130,"column":6},"end":{"line":130,"column":28}},{"start":{"line":130,"column":32},"end":{"line":130,"column":35}}]},"24":{"line":133,"type":"if","locations":[{"start":{"line":133,"column":8},"end":{"line":133,"column":8}},{"start":{"line":133,"column":8},"end":{"line":133,"column":8}}]},"25":{"line":134,"type":"if","locations":[{"start":{"line":134,"column":8},"end":{"line":134,"column":8}},{"start":{"line":134,"column":8},"end":{"line":134,"column":8}}]},"26":{"line":138,"type":"if","locations":[{"start":{"line":138,"column":9},"end":{"line":138,"column":9}},{"start":{"line":138,"column":9},"end":{"line":138,"column":9}}]},"27":{"line":138,"type":"binary-expr","locations":[{"start":{"line":138,"column":13},"end":{"line":138,"column":29}},{"start":{"line":138,"column":33},"end":{"line":138,"column":36}}]},"28":{"line":140,"type":"if","locations":[{"start":{"line":140,"column":9},"end":{"line":140,"column":9}},{"start":{"line":140,"column":9},"end":{"line":140,"column":9}}]},"29":{"line":142,"type":"if","locations":[{"start":{"line":142,"column":9},"end":{"line":142,"column":9}},{"start":{"line":142,"column":9},"end":{"line":142,"column":9}}]},"30":{"line":142,"type":"binary-expr","locations":[{"start":{"line":142,"column":13},"end":{"line":142,"column":29}},{"start":{"line":142,"column":33},"end":{"line":142,"column":59}}]},"31":{"line":160,"type":"if","locations":[{"start":{"line":160,"column":2},"end":{"line":160,"column":2}},{"start":{"line":160,"column":2},"end":{"line":160,"column":2}}]},"32":{"line":174,"type":"if","locations":[{"start":{"line":174,"column":2},"end":{"line":174,"column":2}},{"start":{"line":174,"column":2},"end":{"line":174,"column":2}}]},"33":{"line":177,"type":"if","locations":[{"start":{"line":177,"column":4},"end":{"line":177,"column":4}},{"start":{"line":177,"column":4},"end":{"line":177,"column":4}}]},"34":{"line":193,"type":"if","locations":[{"start":{"line":193,"column":2},"end":{"line":193,"column":2}},{"start":{"line":193,"column":2},"end":{"line":193,"column":2}}]},"35":{"line":210,"type":"if","locations":[{"start":{"line":210,"column":2},"end":{"line":210,"column":2}},{"start":{"line":210,"column":2},"end":{"line":210,"column":2}}]},"36":{"line":217,"type":"if","locations":[{"start":{"line":217,"column":2},"end":{"line":217,"column":2}},{"start":{"line":217,"column":2},"end":{"line":217,"column":2}}]},"37":{"line":221,"type":"if","locations":[{"start":{"line":221,"column":2},"end":{"line":221,"column":2}},{"start":{"line":221,"column":2},"end":{"line":221,"column":2}}]},"38":{"line":233,"type":"binary-expr","locations":[{"start":{"line":233,"column":9},"end":{"line":233,"column":13}},{"start":{"line":233,"column":17},"end":{"line":233,"column":19}}]},"39":{"line":234,"type":"binary-expr","locations":[{"start":{"line":234,"column":14},"end":{"line":234,"column":23}},{"start":{"line":234,"column":27},"end":{"line":234,"column":38}}]},"40":{"line":236,"type":"binary-expr","locations":[{"start":{"line":236,"column":22},"end":{"line":236,"column":39}},{"start":{"line":236,"column":43},"end":{"line":236,"column":71}}]},"41":{"line":243,"type":"if","locations":[{"start":{"line":243,"column":2},"end":{"line":243,"column":2}},{"start":{"line":243,"column":2},"end":{"line":243,"column":2}}]},"42":{"line":269,"type":"if","locations":[{"start":{"line":269,"column":4},"end":{"line":269,"column":4}},{"start":{"line":269,"column":4},"end":{"line":269,"column":4}}]},"43":{"line":271,"type":"if","locations":[{"start":{"line":271,"column":11},"end":{"line":271,"column":11}},{"start":{"line":271,"column":11},"end":{"line":271,"column":11}}]},"44":{"line":295,"type":"if","locations":[{"start":{"line":295,"column":2},"end":{"line":295,"column":2}},{"start":{"line":295,"column":2},"end":{"line":295,"column":2}}]},"45":{"line":296,"type":"if","locations":[{"start":{"line":296,"column":4},"end":{"line":296,"column":4}},{"start":{"line":296,"column":4},"end":{"line":296,"column":4}}]},"46":{"line":326,"type":"if","locations":[{"start":{"line":326,"column":2},"end":{"line":326,"column":2}},{"start":{"line":326,"column":2},"end":{"line":326,"column":2}}]},"47":{"line":327,"type":"if","locations":[{"start":{"line":327,"column":4},"end":{"line":327,"column":4}},{"start":{"line":327,"column":4},"end":{"line":327,"column":4}}]},"48":{"line":380,"type":"if","locations":[{"start":{"line":380,"column":2},"end":{"line":380,"column":2}},{"start":{"line":380,"column":2},"end":{"line":380,"column":2}}]},"49":{"line":383,"type":"if","locations":[{"start":{"line":383,"column":2},"end":{"line":383,"column":2}},{"start":{"line":383,"column":2},"end":{"line":383,"column":2}}]},"50":{"line":388,"type":"if","locations":[{"start":{"line":388,"column":2},"end":{"line":388,"column":2}},{"start":{"line":388,"column":2},"end":{"line":388,"column":2}}]},"51":{"line":401,"type":"if","locations":[{"start":{"line":401,"column":4},"end":{"line":401,"column":4}},{"start":{"line":401,"column":4},"end":{"line":401,"column":4}}]},"52":{"line":408,"type":"if","locations":[{"start":{"line":408,"column":2},"end":{"line":408,"column":2}},{"start":{"line":408,"column":2},"end":{"line":408,"column":2}}]},"53":{"line":411,"type":"binary-expr","locations":[{"start":{"line":411,"column":4},"end":{"line":411,"column":6}},{"start":{"line":411,"column":10},"end":{"line":411,"column":14}}]},"54":{"line":432,"type":"binary-expr","locations":[{"start":{"line":432,"column":27},"end":{"line":432,"column":45}},{"start":{"line":432,"column":49},"end":{"line":432,"column":51}}]}},"code":["","/**"," * Module dependencies."," */","","var http = require('http');","var read = require('fs').readFileSync;","var engine = require('engine.io');","var client = require('socket.io-client');","var clientVersion = require('socket.io-client/package').version;","var Client = require('./client');","var Emitter = require('events').EventEmitter;","var Namespace = require('./namespace');","var Adapter = require('socket.io-adapter');","var debug = require('debug')('socket.io:server');","var url = require('url');","","/**"," * Module exports."," */","","module.exports = Server;","","/**"," * Socket.IO client source."," */","","var clientSource = undefined;","var clientSourceMap = undefined;","","/**"," * Server constructor."," *"," * @param {http.Server|Number|Object} srv http server, port or options"," * @param {Object} [opts]"," * @api public"," */","","function Server(srv, opts){","  if (!(this instanceof Server)) return new Server(srv, opts);","  if ('object' == typeof srv && !srv.listen) {","    opts = srv;","    srv = null;","  }","  opts = opts || {};","  this.nsps = {};","  this.path(opts.path || '/socket.io');","  this.serveClient(false !== opts.serveClient);","  this.adapter(opts.adapter || Adapter);","  this.origins(opts.origins || '*:*');","  this.sockets = this.of('/');","  if (srv) this.attach(srv, opts);","}","","/**"," * Server request verification function, that checks for allowed origins"," *"," * @param {http.IncomingMessage} req request"," * @param {Function} fn callback to be called with the result: `fn(err, success)`"," */","","Server.prototype.checkRequest = function(req, fn) {","  v
[...]
umn":48}},"16":{"start":{"line":49,"column":10},"end":{"line":49,"column":48}},"17":{"start":{"line":61,"column":0},"end":{"line":70,"column":2}},"18":{"start":{"line":62,"column":2},"end":{"line":62,"column":38}},"19":{"start":{"line":63,"column":2},"end":{"line":63,"column":29}},"20":{"start":{"line":64,"column":2},"end":{"line":67,"column":3}},"21":{"start":{"line":65,"column":4},"end":{"line":65,"column":29}},"22":{"start":{"line":66,"column":4},"end":{"line":66,"column":63}},"23":{"start":{"line":66,"column":39},"end":{"line":66,"column":63}},"24":{"start":{"line":69,"column":2},"end":{"line":69,"column":48}},"25":{"start":{"line":69,"column":10},"end":{"line":69,"column":48}},"26":{"start":{"line":80,"column":0},"end":{"line":93,"column":2}},"27":{"start":{"line":81,"column":2},"end":{"line":81,"column":28}},"28":{"start":{"line":82,"column":2},"end":{"line":89,"column":3}},"29":{"start":{"line":83,"column":4},"end":{"line":88,"column":5}},"30":{"start":{"line":84,"column":6},"end":{"line":87,"column":7}},"31":{"start":{"line":85,"column":8},"end":{"line":85,"column":33}},"32":{"start":{"line":86,"column":8},"end":{"line":86,"column":67}},"33":{"start":{"line":86,"column":43},"end":{"line":86,"column":67}},"34":{"start":{"line":90,"column":2},"end":{"line":90,"column":23}},"35":{"start":{"line":92,"column":2},"end":{"line":92,"column":48}},"36":{"start":{"line":92,"column":10},"end":{"line":92,"column":48}},"37":{"start":{"line":107,"column":0},"end":{"line":148,"column":2}},"38":{"start":{"line":108,"column":2},"end":{"line":108,"column":31}},"39":{"start":{"line":109,"column":2},"end":{"line":109,"column":33}},"40":{"start":{"line":110,"column":2},"end":{"line":110,"column":31}},"41":{"start":{"line":111,"column":2},"end":{"line":115,"column":4}},"42":{"start":{"line":116,"column":2},"end":{"line":116,"column":15}},"43":{"start":{"line":117,"column":2},"end":{"line":117,"column":18}},"44":{"start":{"line":118,"column":2},"end":{"line":118,"column":13}},"45":{"start":{"line":120,"column":2},"end":{"line":120,"column":29}},"46":{"start":{"line":121,"column":2},"end":{"line":147,"column":5}},"47":{"start":{"line":122,"column":4},"end":{"line":146,"column":5}},"48":{"start":{"line":123,"column":6},"end":{"line":137,"column":7}},"49":{"start":{"line":124,"column":8},"end":{"line":124,"column":40}},"50":{"start":{"line":125,"column":8},"end":{"line":125,"column":28}},"51":{"start":{"line":125,"column":19},"end":{"line":125,"column":28}},"52":{"start":{"line":126,"column":8},"end":{"line":126,"column":35}},"53":{"start":{"line":127,"column":8},"end":{"line":136,"column":9}},"54":{"start":{"line":128,"column":10},"end":{"line":135,"column":11}},"55":{"start":{"line":129,"column":12},"end":{"line":129,"column":57}},"56":{"start":{"line":129,"column":48},"end":{"line":129,"column":57}},"57":{"start":{"line":130,"column":12},"end":{"line":130,"column":44}},"58":{"start":{"line":131,"column":12},"end":{"line":134,"column":13}},"59":{"start":{"line":132,"column":14},"end":{"line":132,"column":56}},"60":{"start":{"line":133,"column":14},"end":{"line":133,"column":29}},"61":{"start":{"line":139,"column":6},"end":{"line":145,"column":7}},"62":{"start":{"line":140,"column":8},"end":{"line":144,"column":9}},"63":{"start":{"line":141,"column":10},"end":{"line":141,"column":44}},"64":{"start":{"line":141,"column":35},"end":{"line":141,"column":44}},"65":{"start":{"line":142,"column":10},"end":{"line":142,"column":42}},"66":{"start":{"line":143,"column":10},"end":{"line":143,"column":64}},"67":{"start":{"line":143,"column":22},"end":{"line":143,"column":64}},"68":{"start":{"line":158,"column":0},"end":{"line":197,"column":2}},"69":{"start":{"line":159,"column":2},"end":{"line":162,"column":3}},"70":{"start":{"line":160,"column":4},"end":{"line":160,"column":15}},"71":{"start":{"line":161,"column":4},"end":{"line":161,"column":17}},"72":{"start":{"line":164,"column":2},"end":{"line":164,"column":22}},"73":{"start":{"line":166,"column":2},"end":{"line":166,"column":15}},"74":{"start":{"line":167,"column":2},"end":{"line":167,"column":18}},"75":{"start":{"line":168,"column":2},"end":{"line":168,"column":16}},"76":{"start":{"line":169,"column":2},"end":{"line":169,"column":13}},"77":{"start":{"line":171,"column":2},"end":{"line":194,"column":3}},"78":{"start":{"line":172,"column":4},"end":{"line":186,"column":5}},"79":{"start":{"line":173,"column":6},"end":{"line":173,"column":38}},"80":{"start":{"line":174,"column":6},"end":{"line":174,"column":26}},"81":{"start":{"line":174,"column":17},"end":{"line":174,"column":26}},"82":{"start":{"line":175,"column":6},"end":{"line":175,"column":33}},"83":{"start":{"line":176,"column":6},"end":{"line":185,"column":7}},"84":{"start":{"line":177,"column":8},"end":{"line":184,"column":9}},"85":{"start":{"line":178,"column":10},"end":{"line":178,"column":32}},"86":{"start":{"line":178,"column":23},"end":{"line":178,"column":32}},"87":{"start":{"line":179,"column":10},"end":{"line":179,"column":42}},"88":{"start":{"line":180,"column":10},"end":{"line":183,"column":11}},"89":{"start":{"line":181,"column":12},"end":{"line":181,"column":26}},"90":{"start":{"line":182,"column":12},"end":{"line":182,"column":27}},"91":{"start":{"line":188,"column":4},"end":{"line":193,"column":5}},"92":{"start":{"line":189,"column":6},"end":{"line":192,"column":7}},"93":{"start":{"line":190,"column":8},"end":{"line":190,"column":40}},"94":{"start":{"line":191,"column":8},"end":{"line":191,"column":34}},"95":{"start":{"line":191,"column":20},"end":{"line":191,"column":34}},"96":{"start":{"line":196,"column":2},"end":{"line":196,"column":54}},"97":{"start":{"line":196,"column":10},"end":{"line":196,"column":54}},"98":{"start":{"line":206,"column":0},"end":{"line":209,"column":2}},"99":{"start":{"line":207,"column":2},"end":{"line":207,"column":28}},"100":{"start":{"line":208,"column":2},"end":{"line":208,"column":83}},"101":{"start":{"line":208,"column":10},"end":{"line":208,"column":83}},"102":{"start":{"line":217,"column":0},"end":{"line":221,"column":1}},"103":{"start":{"line":218,"column":2},"end":{"line":218,"column":49}},"104":{"start":{"line":218,"column":31},"end":{"line":218,"column":49}},"105":{"start":{"line":219,"column":2},"end":{"line":219,"column":20}},"106":{"start":{"line":220,"column":2},"end":{"line":220,"column":18}},"107":{"start":{"line":230,"column":0},"end":{"line":235,"column":2}},"108":{"start":{"line":231,"column":2},"end":{"line":234,"column":3}},"109":{"start":{"line":232,"column":4},"end":{"line":232,"column":28}},"110":{"start":{"line":233,"column":4},"end":{"line":233,"column":18}},"111":{"start":{"line":244,"column":0},"end":{"line":249,"column":2}},"112":{"start":{"line":245,"column":2},"end":{"line":248,"column":3}},"113":{"start":{"line":246,"column":4},"end":{"line":246,"column":28}},"114":{"start":{"line":247,"column":4},"end":{"line":247,"column":18}}},"branchMap":{"1":{"line":45,"type":"binary-expr","locations":[{"start":{"line":45,"column":18},"end":{"line":45,"column":31}},{"start":{"line":45,"column":35},"end":{"line":45,"column":37}}]},"2":{"line":47,"type":"binary-expr","locations":[{"start":{"line":47,"column":21},"end":{"line":47,"column":37}},{"start":{"line":47,"column":41},"end":{"line":47,"column":47}}]},"3":{"line":49,"type":"if","locations":[{"start":{"line":49,"column":2},"end":{"line":49,"column":2}},{"start":{"line":49,"column":2},"end":{"line":49,"column":2}}]},"4":{"line":62,"type":"binary-expr","locations":[{"start":{"line":62,"column":18},"end":{"line":62,"column":31}},{"start":{"line":62,"column":35},"end":{"line":62,"column":37}}]},"5":{"line":64,"type":"if","locations":[{"start":{"line":64,"column":2},"end":{"line":64,"column":2}},{"start":{"line":64,"column":2},"end":{"line":64,"column":2}}]},"6":{"line":66,"type":"if","locations":[{"start":{"line":66,"column":4},"end":{"line":66,"column":4}},{"start":{"line":66,"column":4},"end":{"line":66,"column":4}}]},"7":{"line":69,"type":"if","locations":[{"start":{"line":69,"column":2},"end":{"line":69,"column":2}},{"start":{"line":69,"column":2},"end":{"line":69,"column":2}}]},"8":{"line":82,"type":"if","locations":[{"start":{"line":82,"column":2},"end":{"line":82,"column":2}},{"start":{"line":82,"column":2},"end":{"line":82,"column":2}}]},"9":{"line":84,"type":"if","locations":[{"start":{"line":84,"column":6},"end":{"line":84,"column":6}},{"start":{"line":84,"column":6},"end":{"line":84,"column":6}}]},"10":{"line":86,"type":"if","locations":[{"start":{"line":86,"column":8},"end":{"line":86,"column":8}},{"start":{"line":86,"column":8},"end":{"line":86,"column":8}}]},"11":{"line":92,"type":"if","locations":[{"start":{"line":92,"column":2},"end":{"line":92,"column":2}},{"start":{"line":92,"column":2},"end":{"line":92,"column":2}}]},"12":{"line":108,"type":"binary-expr","locations":[{"start":{"line":108,"column":14},"end":{"line":108,"column":24}},{"start":{"line":108,"column":28},"end":{"line":108,"column":30}}]},"13":{"line":109,"type":"binary-expr","locations":[{"start":{"line":109,"column":15},"end":{"line":109,"column":26}},{"start":{"line":109,"column":30},"end":{"line":109,"column":32}}]},"14":{"line":110,"type":"binary-expr","locations":[{"start":{"line":110,"column":14},"end":{"line":110,"column":24}},{"start":{"line":110,"column":28},"end":{"line":110,"column":30}}]},"15":{"line":122,"type":"if","locations":[{"start":{"line":122,"column":4},"end":{"line":122,"column":4}},{"start":{"line":122,"column":4},"end":{"line":122,"column":4}}]},"16":{"line":125,"type":"if","locations":[{"start":{"line":125,"column":8},"end":{"line":125,"column":8}},{"start":{"line":125,"column":8},"end":{"line":125,"column":8}}]},"17":{"line":128,"type":"if","locations":[{"start":{"line":128,"column":10},"end":{"line":128,"column":10}},{"start":{"line":128,"column":10},"end":{"line":128,"column":10}}]},"18":{"line":129,"type":"if","locations":[{"start":{"line":129,"column":12},"end":{"line":129,"column":12}},{"start":{"line":129,"column":12},"end":{"line":129,"column":12}}]},"19":{"line":129,"type":"binary-expr","locations":[{"start":{"line":129,"column":16},"end":{"line":129,"column":23}},{"start":{"line":129,"column":27},"end":{"line":129,"column":46}}]},"20":{"line":131,"type":"if","locations":[{"start":{"line":131,"column":12},"end":{"line":131,"column":12}},{"start":{"line":131,"column":12},"end":{"line":131,"column":12}}]},"21":{"line":140,"type":"if","locations":[{"start":{"line":140,"column":8},"end":{"line":140,"column":8}},{"start":{"line":140,"column":8},"end":{"line":140,"column":8}}]},"22":{"line":141,"type":"if","locations":[{"start":{"line":141,"column":10},"end":{"line":141,"column":10}},{"start":{"line":141,"column":10},"end":{"line":141,"column":10}}]},"23":{"line":143,"type":"if","locations":[{"start":{"line":143,"column":10},"end":{"line":143,"column":10}},{"start":{"line":143,"column":10},"end":{"line":143,"column":10}}]},"24":{"line":159,"type":"if","locations":[{"start":{"line":159,"column":2},"end":{"line":159,"column":2}},{"start":{"line":159,"column":2},"end":{"line":159,"column":2}}]},"25":{"line":164,"type":"binary-expr","locations":[{"start":{"line":164,"column":10},"end":{"line":164,"column":15}},{"start":{"line":164,"column":19},"end":{"line":164,"column":21}}]},"26":{"line":171,"type":"if","locations":[{"start":{"line":171,"column":2},"end":{"line":171,"column":2}},{"start":{"line":171,"column":2},"end":{"line":171,"column":2}}]},"27":{"line":174,"type":"if","locations":[{"start":{"line":174,"column":6},"end":{"line":174,"column":6}},{"start":{"line":174,"column":6},"end":{"line":174,"column":6}}]},"28":{"line":177,"type":"if","locations":[{"start":{"line":177,"column":8},"end":{"line":177,"column":8}},{"start":{"line":177,"column":8},"end":{"line":177,"column":8}}]},"29":{"line":178,"type":"if","locations":[{"start":{"line":178,"column":10},"end":{"line":178,"column":10}},{"start":{"line":178,"column":10},"end":{"line":178,"column":10}}]},"30":{"line":180,"type":"if","locations":[{"start":{"line":180,"column":10},"end":{"line":180,"column":10}},{"start":{"line":180,"column":10},"end":{"line":180,"column":10}}]},"31":{"line":189,"type":"if","locations":[{"start":{"line":189,"column":6},"end":{"line":189,"column":6}},{"start":{"line":189,"column":6},"end":{"line":189,"column":6}}]},"32":{"line":191,"type":"if","locations":[{"start":{"line":191,"column":8},"end":{"line":191,"column":8}},{"start":{"line":191,"column":8},"end":{"line":191,"column":8}}]},"33":{"line":196,"type":"if","locations":[{"start":{"line":196,"column":2},"end":{"line":196,"column":2}},{"start":{"line":196,"column":2},"end":{"line":196,"column":2}}]},"34":{"line":208,"type":"if","locations":[{"start":{"line":208,"column":2},"end":{"line":208,"column":2}},{"start":{"line":208,"column":2},"end":{"line":208,"column":2}}]},"35":{"line":208,"type":"cond-expr","locations":[{"start":{"line":208,"column":55},"end":{"line":208,"column":73}},{"start":{"line":208,"column":76},"end":{"line":208,"column":80}}]},"36":{"line":218,"type":"if","locations":[{"start":{"line":218,"column":2},"end":{"line":218,"column":2}},{"start":{"line":218,"column":2},"end":{"line":218,"column":2}}]},"37":{"line":231,"type":"if","locations":[{"start":{"line":231,"column":2},"end":{"line":231,"column":2}},{"start":{"line":231,"column":2},"end":{"line":231,"column":2}}]},"38":{"line":245,"type":"if","locations":[{"start":{"line":245,"column":2},"end":{"line":245,"column":2}},{"start":{"line":245,"column":2},"end":{"line":245,"column":2}}]}},"code":["","/**"," * Module dependencies."," */","","var Emitter = require('events').EventEmitter;","var parser = require('socket.io-parser');","","/**"," * Module exports."," */","","module.exports = Adapter;","","/**"," * Memory adapter constructor."," *"," * @param {Namespace} nsp"," * @api public"," */","","function Adapter(nsp){","  this.nsp = nsp;","  this.rooms = {};","  this.sids = {};","  this.encoder = new parser.Encoder();","}","","/**"," * Inherits from `EventEmitter`."," */","","Adapter.prototype.__proto__ = Emitter.prototype;","","/**"," * Adds a socket to a room."," *"," * @param {String} socket id"," * @param {String} room name"," * @param {Function} callback"," * @api public"," */","","Adapter.prototype.add = function(id, room, fn){","  this.sids[id] = this.sids[id] || {};","  this.sids[id][room] = true;","  this.rooms[room] = this.rooms[room] || Room();","  this.rooms[room].add(id);","  if (fn) process.nextTick(fn.bind(null, null));","};","","/**"," * Removes a socket from a room."," *"," * @param {String} socket id"," * @param {String} room name"," * @param {Function} callback"," * @api public"," */","","Adapter.prototype.del = function(id, room, fn){","  this.sids[id] = this.sids[id] || {};","  delete this.sids[id][room];","  if (this.rooms.hasOwnProperty(room)) {","    this.rooms[room].del(id);","    if (this.rooms[room].length === 0) delete this.rooms[room];","  }","","  if (fn) process.nextTick(fn.bind(null, null));","};","","/**"," * Removes a socket from all rooms it's joined."," *"," * @param {String} socket id"," * @param {Function} callback"," * @api public"," */","","Adapter.prototype.delAll = function(id, fn){","  var rooms = this.sids[id];","  if (rooms) {","    for (var room in rooms) {","      if (this.rooms.hasOwnProperty(room)) {","        this.rooms[room].del(id);","        if (this.rooms[room].length === 0) delete this.rooms[room];","      }","    }","  }","  delete this.sids[id];","","  if (fn) process.nextTick(fn.bind(null, null));","};","","/**"," * Broadcasts a packet."," *"," * Options:"," *  - `flags` {Object} flags for this packet"," *  - `except` {Array} sids that should be excluded"," *  - `rooms` {Array} list of rooms to broadcast to"," *"," * @param {Object} packet object"," * @api public"," */","","Adapter.prototype.broadcast = function(packet, opts){","  var rooms = opts.rooms || [];","  var except = opts.except || [];","  var flags = opts.flags || {};","  var packetOpts = {","    preEncoded: true,","    volatile: flags.volatile,","    compress: flags.compress","  };","  var ids = {};","  var self = this;","  var socket;","","  packet.nsp = this.nsp.name;","  this.encoder.encode(packet, function(encodedPackets) {","    if (rooms.length) {","      for (var i = 0; i < rooms.length; i++) {","        var room = self.rooms[rooms[i]];","        if (!room) continue;","        var sockets = room.sockets;","        for (var id in sockets) {","          if (sockets.hasOwnProperty(id)) {","            if (ids[id] || ~except.indexOf(id)) continue;","            socket = self.nsp.connected[id];","            if (socket) {","              socket.packet(encodedPackets, packetOpts);","              ids[id] = true;","            }","          }","        }","      }","    } else {","      for (var id in self.sids) {","        if (self.sids.hasOwnProperty(id)) {","          if (~except.indexOf(id)) continue;","          socket = self.nsp.connected[id];","          if (socket) socket.packet(encodedPackets, packetOpts);","        }","      }","    }","  });","};","","/**"," * Gets a list of clients by sid."," *"," * @param {Array} explicit set of rooms to check."," * @param {Function} callback"," * @api public"," */","","Adapter.prototype.clients = function(rooms, fn){","  if ('function' == typeof rooms){","    fn = rooms;","    rooms = null;","  }","","  rooms = rooms || [];","","  var ids = {};","  var self = this;","  var sids = [];","  var socket;","","  if (rooms.length) {","    for (var i = 0; i < rooms.length; i++) {","      var room = self.rooms[rooms[i]];","      if (!room) continue;","      var sockets = room.sockets;","      for (var id in sockets) {","        if (sockets.hasOwnProperty(id)) {","          if (ids[id]) continue;","          socket = self.nsp.connected[id];","          if (socket) {","            sids.push(id);","            ids[id] = true;","          }","        }","      }","    }","  } else {","    for (var id in self.sids) {","      if (self.sids.hasOwnProperty(id)) {","        socket = self.nsp.connected[id];","        if (socket) sids.push(id);","      }","    }","  }","","  if (fn) process.nextTick(fn.bind(null, null, sids));","};","","/**"," * Gets the list of rooms a given client has joined."," *"," * @param {String} socket id"," * @param {Function} callback"," * @api public"," */","Adapter.prototype.clientRooms = function(id, fn){","  var rooms = this.sids[id];","  if (fn) process.nextTick(fn.bind(null, null, rooms ? Object.keys(rooms) : null));","};","","/**","* Room constructor.","*","* @api private","*/","","function Room(){","  if (!(this instanceof Room)) return new Room();","  this.sockets = {};","  this.length = 0;","}","","/**"," * Adds a socket to a room."," *"," * @param {String} socket id"," * @api private"," */","","Room.prototype.add = function(id){","  if (!this.sockets.hasOwnProperty(id)) {","    this.sockets[id] = true;","    this.length++;","  }","};","","/**"," * Removes a socket from a room."," *"," * @param {String} socket id"," * @api private"," */","","Room.prototype.del = function(id){","  if (this.sockets.hasOwnProperty(id)) {","    delete this.sockets[id];","    this.length--;","  }","};",""],"l":{"6":1,"7":1,"13":1,"22":1,"23":0,"24":0,"25":0,"26":0,"33":1,"44":1,"45":0,"46":0,"47":0,"48":0,"49":0,"61":1,"62":0,"63":0,"64":0,"65":0,"66":0,"69":0,"80":1,"81":0,"82":0,"83":0,"84":0,"85":0,"86":0,"90":0,"92":0,"107":1,"108":0,"109":0,"110":0,"111":0,"116":0,"117":0,"118":0,"120":0,"121":0,"122":0,"123":0,"124":0,"125":0,"126":0,"127":0,"128":0,"129":0,"130":0,"131":0,"132":0,"133":0,"139":0,"140":0,"141":0,"142":0,"143":0,"158":1,"159":0,"160":0,"161":0,"164":0,"166":0,"167":0,"168":0,"169":0,"171":0,"172":0,"173":0,"174":0,"175":0,"176":0,"177":0,"178":0,"179":0,"180":0,"181":0,"182":0,"188":0,"189":0,"190":0,"191":0,"196":0,"206":1,"207":0,"208":0,"217":1,"218":0,"219":0,"220":0,"230":1,"231":0,"232":0,"233":0,"244":1,"245":0,"246":0,"247":0}}}